2024/12/01 16:56:59 Archivo \home\utnso\mount_dir\bitmap.dat no encontrado. Creando uno nuevo.
2024/12/01 16:56:59 Archivo \home\utnso\mount_dir\bloques.dat no encontrado. Creando uno nuevo.
2024/12/01 16:56:59 Inicialización del File System completada.
2024/12/01 16:56:59 El módulo filesystem está a la escucha en el puerto :8003
2024/12/05 11:52:27 Archivo encontrado: \home\utnso\mount_dir\bitmap.dat.
2024/12/05 11:52:27 Archivo encontrado: \home\utnso\mount_dir\bloques.dat.
2024/12/05 11:52:27 Inicialización del File System completada.
2024/12/05 11:52:27 El módulo filesystem está a la escucha en el puerto :8003
2024/12/05 11:57:46 Archivo encontrado: \home\utnso\mount_dir\bitmap.dat.
2024/12/05 11:57:46 Archivo encontrado: \home\utnso\mount_dir\bloques.dat.
2024/12/05 11:57:46 Inicialización del File System completada.
2024/12/05 11:57:46 El módulo filesystem está a la escucha en el puerto :8003
2024/12/05 11:59:14 Archivo encontrado: \home\utnso\mount_dir\bitmap.dat.
2024/12/05 11:59:14 Archivo encontrado: \home\utnso\mount_dir\bloques.dat.
2024/12/05 11:59:14 Inicialización del File System completada.
2024/12/05 11:59:14 El módulo filesystem está a la escucha en el puerto :8003
2024/12/05 12:08:20 Archivo encontrado: \home\utnso\mount_dir\bitmap.dat.
2024/12/05 12:08:20 Archivo encontrado: \home\utnso\mount_dir\bloques.dat.
2024/12/05 12:08:20 Inicialización del File System completada.
2024/12/05 12:08:20 El módulo filesystem está a la escucha en el puerto :8003
2024/12/05 12:12:00 Archivo encontrado: \home\utnso\mount_dir\bitmap.dat.
2024/12/05 12:12:00 Archivo encontrado: \home\utnso\mount_dir\bloques.dat.
2024/12/05 12:12:00 Inicialización del File System completada.
2024/12/05 12:12:00 El módulo filesystem está a la escucha en el puerto :8003
2024/12/05 12:13:23 Archivo encontrado: \home\utnso\mount_dir\bitmap.dat.
2024/12/05 12:13:23 Archivo encontrado: \home\utnso\mount_dir\bloques.dat.
2024/12/05 12:13:23 Inicialización del File System completada.
2024/12/05 12:13:23 El módulo filesystem está a la escucha en el puerto :8003
2024/12/05 12:15:07 Archivo encontrado: \home\utnso\mount_dir\bitmap.dat.
2024/12/05 12:15:07 Archivo encontrado: \home\utnso\mount_dir\bloques.dat.
2024/12/05 12:15:07 Inicialización del File System completada.
2024/12/05 12:15:07 El módulo filesystem está a la escucha en el puerto :8003
2024/12/05 12:15:13 DDDD
2024/12/05 12:15:13 Error al decodificar JSON: EOF
2024/12/05 12:27:13 Archivo encontrado: \home\utnso\mount_dir\bitmap.dat.
2024/12/05 12:27:13 Archivo encontrado: \home\utnso\mount_dir\bloques.dat.
2024/12/05 12:27:13 Inicialización del File System completada.
2024/12/05 12:27:13 El módulo filesystem está a la escucha en el puerto :8003
2024/12/05 12:27:18 DDDD
2024/12/05 12:27:18 Error al decodificar JSON: EOF
2024/12/05 12:44:36 Archivo encontrado: \home\utnso\mount_dir\bitmap.dat.
2024/12/05 12:44:36 Archivo encontrado: \home\utnso\mount_dir\bloques.dat.
2024/12/05 12:44:36 Inicialización del File System completada.
2024/12/05 12:44:36 El módulo filesystem está a la escucha en el puerto :8003
2024/12/05 12:44:41 DDDD
2024/12/05 12:44:41 Error al decodificar JSON: EOF
2024/12/05 12:52:15 Archivo encontrado: \home\utnso\mount_dir\bitmap.dat.
2024/12/05 12:52:15 Archivo encontrado: \home\utnso\mount_dir\bloques.dat.
2024/12/05 12:52:15 Inicialización del File System completada.
2024/12/05 12:52:15 El módulo filesystem está a la escucha en el puerto :8003
2024/12/05 12:52:21 DDDD
2024/12/05 12:52:21 Error al decodificar JSON: EOF
2024/12/05 12:58:27 Archivo encontrado: \home\utnso\mount_dir\bitmap.dat.
2024/12/05 12:58:27 Archivo encontrado: \home\utnso\mount_dir\bloques.dat.
2024/12/05 12:58:27 Inicialización del File System completada.
2024/12/05 12:58:27 El módulo filesystem está a la escucha en el puerto :8003
2024/12/05 12:58:34 DDDD
2024/12/05 12:58:34 Error al decodificar JSON: EOF
2024/12/05 14:05:34 Archivo encontrado: \home\utnso\mount_dir\bitmap.dat.
2024/12/05 14:05:34 Archivo encontrado: \home\utnso\mount_dir\bloques.dat.
2024/12/05 14:05:34 Inicialización del File System completada.
2024/12/05 14:05:34 El módulo filesystem está a la escucha en el puerto :8003
2024/12/05 14:05:41 Error al decodificar JSON: EOF
2024/12/05 14:11:21 Archivo encontrado: \home\utnso\mount_dir\bitmap.dat.
2024/12/05 14:11:21 Archivo encontrado: \home\utnso\mount_dir\bloques.dat.
2024/12/05 14:11:21 Inicialización del File System completada.
2024/12/05 14:11:21 El módulo filesystem está a la escucha en el puerto :8003
2024/12/05 14:12:33 Archivo encontrado: \home\utnso\mount_dir\bitmap.dat.
2024/12/05 14:12:33 Archivo encontrado: \home\utnso\mount_dir\bloques.dat.
2024/12/05 14:12:33 Inicialización del File System completada.
2024/12/05 14:12:33 El módulo filesystem está a la escucha en el puerto :8003
2024/12/05 14:12:43 Error al decodificar JSON: EOF
2024/12/05 14:23:31 Archivo encontrado: \home\utnso\mount_dir\bitmap.dat.
2024/12/05 14:23:31 Archivo encontrado: \home\utnso\mount_dir\bloques.dat.
2024/12/05 14:23:31 Inicialización del File System completada.
2024/12/05 14:23:31 El módulo filesystem está a la escucha en el puerto :8003
2024/12/05 14:23:39 Error al decodificar JSON: EOF
2024/12/05 14:36:48 Archivo encontrado: \home\utnso\mount_dir\bitmap.dat.
2024/12/05 14:36:48 Archivo encontrado: \home\utnso\mount_dir\bloques.dat.
2024/12/05 14:36:48 Inicialización del File System completada.
2024/12/05 14:36:48 El módulo filesystem está a la escucha en el puerto :8003
2024/12/05 14:36:54 Error al decodificar JSON: EOF
2024/12/05 14:38:32 Archivo encontrado: \home\utnso\mount_dir\bitmap.dat.
2024/12/05 14:38:32 Archivo encontrado: \home\utnso\mount_dir\bloques.dat.
2024/12/05 14:38:32 Inicialización del File System completada.
2024/12/05 14:38:32 El módulo filesystem está a la escucha en el puerto :8003
2024/12/05 14:38:35 Error al decodificar JSON: EOF
2024/12/05 14:47:40 Archivo encontrado: \home\utnso\mount_dir\bitmap.dat.
2024/12/05 14:47:40 Archivo encontrado: \home\utnso\mount_dir\bloques.dat.
2024/12/05 14:47:40 Inicialización del File System completada.
2024/12/05 14:47:40 El módulo filesystem está a la escucha en el puerto :8003
2024/12/05 15:09:34 Archivo encontrado: \home\utnso\mount_dir\bitmap.dat.
2024/12/05 15:09:34 Archivo encontrado: \home\utnso\mount_dir\bloques.dat.
2024/12/05 15:09:34 Inicialización del File System completada.
2024/12/05 15:09:34 El módulo filesystem está a la escucha en el puerto :8003
2024/12/05 15:09:41 Error al decodificar JSON: EOF
2024/12/05 15:15:54 Archivo encontrado: \home\utnso\mount_dir\bitmap.dat.
2024/12/05 15:15:54 Archivo encontrado: \home\utnso\mount_dir\bloques.dat.
2024/12/05 15:15:54 Inicialización del File System completada.
2024/12/05 15:15:54 El módulo filesystem está a la escucha en el puerto :8003
2024/12/05 15:25:49 Archivo encontrado: \home\utnso\mount_dir\bitmap.dat.
2024/12/05 15:25:49 Archivo encontrado: \home\utnso\mount_dir\bloques.dat.
2024/12/05 15:25:49 Inicialización del File System completada.
2024/12/05 15:25:49 El módulo filesystem está a la escucha en el puerto :8003
2024/12/05 17:56:13 Archivo /Users/gonzaloramirez/Desktop/mount_dir/bitmap.dat no encontrado. Creando uno nuevo.
2024/12/05 17:56:13 Archivo /Users/gonzaloramirez/Desktop/mount_dir/bloques.dat no encontrado. Creando uno nuevo.
2024/12/05 17:56:13 Inicialización del File System completada.
2024/12/05 17:56:13 El módulo filesystem está a la escucha en el puerto :8003
2024/12/05 18:07:04 Archivo encontrado: /Users/gonzaloramirez/Desktop/mount_dir/bitmap.dat.
2024/12/05 18:07:04 Archivo encontrado: /Users/gonzaloramirez/Desktop/mount_dir/bloques.dat.
2024/12/05 18:07:04 Inicialización del File System completada.
2024/12/05 18:07:04 El módulo filesystem está a la escucha en el puerto :8003
