2024/09/24 12:22:21 El módulo memoria está a la escucha en el puerto :8002
2024/09/24 12:24:38 El módulo memoria está a la escucha en el puerto :8002
2024/09/24 12:25:39 El módulo memoria está a la escucha en el puerto :8002
2024/09/24 12:26:27 El módulo memoria está a la escucha en el puerto :8002
2024/09/24 12:27:08 El módulo memoria está a la escucha en el puerto :8002
2024/09/24 12:33:51 El módulo memoria está a la escucha en el puerto :8002
2024/10/08 23:36:51 El módulo memoria está a la escucha en el puerto :8002
2024/11/04 20:14:53 El módulo memoria está a la escucha en el puerto :8002
2024/11/26 10:38:45 El módulo memoria está a la escucha en el puerto :8002
2024/11/26 11:07:58 El módulo memoria está a la escucha en el puerto :8002
2024/11/27 19:30:52 El módulo memoria está a la escucha en el puerto :8002
2024/11/27 20:01:26 El módulo memoria está a la escucha en el puerto :8002
2024/11/27 20:02:29 El módulo memoria está a la escucha en el puerto :8002
2024/11/27 20:05:32 El módulo memoria está a la escucha en el puerto :8002
2024/11/27 20:27:32 El módulo memoria está a la escucha en el puerto :8002
2024/11/27 21:08:48 El módulo memoria está a la escucha en el puerto :8002
2024/11/30 18:07:30 El módulo memoria está a la escucha en el puerto :8002
2024/11/30 18:09:51 El proceso 1 no pudo ser inicializado
2024/11/30 18:12:09 El proceso 1 no pudo ser inicializado
2024/11/30 18:12:52 El proceso 1 no pudo ser inicializado
2024/11/30 18:13:14 El proceso 1 no pudo ser inicializado
2024/11/30 18:16:20 El proceso 1 no pudo ser inicializado
2024/11/30 18:16:26 El módulo memoria está a la escucha en el puerto :8002
2024/11/30 18:16:33 ## Proceso creado -  PID: 1 - Tamaño: 32
2024/11/30 18:16:33 Error al desglosar el pseudocódigo: prueba.txt
2024/11/30 18:16:33 El hilo 0 no pudo ser creado
2024/11/30 18:17:45 El módulo memoria está a la escucha en el puerto :8002
2024/11/30 18:17:46 ## Proceso creado -  PID: 1 - Tamaño: 32
2024/11/30 18:17:46 Error al desglosar el pseudocódigo: prueba.txt
2024/11/30 18:17:46 El hilo 0 no pudo ser creado
2024/11/30 18:21:49 El módulo memoria está a la escucha en el puerto :8002
2024/11/30 18:21:51 ## Proceso creado -  PID: 1 - Tamaño: 32
2024/11/30 18:21:51 Error al desglosar el pseudocódigo: prueba.txt
2024/11/30 18:21:51 El hilo 0 no pudo ser creado
2024/11/30 18:25:42 El módulo memoria está a la escucha en el puerto :8002
2024/11/30 18:25:44 ## Proceso creado -  PID: 1 - Tamaño: 32
2024/11/30 18:25:44 Error al desglosar el pseudocódigo: prueba.txt
2024/11/30 18:25:44 El hilo 0 no pudo ser creado
2024/11/30 18:29:00 El módulo memoria está a la escucha en el puerto :8002
2024/11/30 18:29:05 ## Proceso creado -  PID: 1 - Tamaño: 32
2024/11/30 18:29:05 http: panic serving 127.0.0.1:50343: assignment to entry in nil map
goroutine 19 [running]:
net/http.(*conn).serve.func1()
	/usr/local/go/src/net/http/server.go:1947 +0xbe
panic({0x5bd3e40?, 0x5c28e30?})
	/usr/local/go/src/runtime/panic.go:785 +0x132
github.com/sisoputnfrba/tp-golang/memoria/globals/functions.CrearHiloMemoria(0x1, 0x0, {0xc000012186, 0xa})
	/Users/gonzaloramirez/Documents/UTN/tp-2024-2c-Equipo-Operativo/memoria/globals/functions/funciones.go:146 +0xd2
github.com/sisoputnfrba/tp-golang/memoria/handlers.HandleCrearHilo({0x5c2c6a8, 0xc000186000}, 0xc00007e000)
	/Users/gonzaloramirez/Documents/UTN/tp-2024-2c-Equipo-Operativo/memoria/handlers/handlers.go:236 +0xb2
net/http.HandlerFunc.ServeHTTP(0xc0000dc0e0?, {0x5c2c6a8?, 0xc000186000?}, 0x39d87ca8?)
	/usr/local/go/src/net/http/server.go:2220 +0x29
net/http.(*ServeMux).ServeHTTP(0x587c2e5?, {0x5c2c6a8, 0xc000186000}, 0xc00007e000)
	/usr/local/go/src/net/http/server.go:2747 +0x1ca
net/http.serverHandler.ServeHTTP({0x5c2b2f0?}, {0x5c2c6a8?, 0xc000186000?}, 0x6?)
	/usr/local/go/src/net/http/server.go:3210 +0x8e
net/http.(*conn).serve(0xc0000e6120, {0x5c2cbd8, 0xc0000a71d0})
	/usr/local/go/src/net/http/server.go:2092 +0x5d0
created by net/http.(*Server).Serve in goroutine 1
	/usr/local/go/src/net/http/server.go:3360 +0x485
2024/11/30 18:29:53 El módulo memoria está a la escucha en el puerto :8002
2024/11/30 18:29:56 ## Proceso creado -  PID: 1 - Tamaño: 32
2024/11/30 18:29:56 Error al desglosar el pseudocódigo: prueba.txt
2024/11/30 18:29:56 El hilo 0 no pudo ser creado
2024/11/30 18:31:01 El módulo memoria está a la escucha en el puerto :8002
2024/11/30 18:31:03 ## Proceso creado -  PID: 1 - Tamaño: 32
2024/11/30 18:31:03 prueba.txt
2024/11/30 18:31:03 http: panic serving 127.0.0.1:50480: assignment to entry in nil map
goroutine 19 [running]:
net/http.(*conn).serve.func1()
	/usr/local/go/src/net/http/server.go:1947 +0xbe
panic({0x16d2e40?, 0x1727e30?})
	/usr/local/go/src/runtime/panic.go:785 +0x132
github.com/sisoputnfrba/tp-golang/memoria/globals/functions.CrearHiloMemoria(0x1, 0x0, {0xc0000908c0, 0xa})
	/Users/gonzaloramirez/Documents/UTN/tp-2024-2c-Equipo-Operativo/memoria/globals/functions/funciones.go:146 +0xd2
github.com/sisoputnfrba/tp-golang/memoria/handlers.HandleCrearHilo({0x172b6a8, 0xc0000da2a0}, 0xc0000e2500)
	/Users/gonzaloramirez/Documents/UTN/tp-2024-2c-Equipo-Operativo/memoria/handlers/handlers.go:236 +0xb2
net/http.HandlerFunc.ServeHTTP(0xc0000da0e0?, {0x172b6a8?, 0xc0000da2a0?}, 0x38a910e0?)
	/usr/local/go/src/net/http/server.go:2220 +0x29
net/http.(*ServeMux).ServeHTTP(0x137b2e5?, {0x172b6a8, 0xc0000da2a0}, 0xc0000e2500)
	/usr/local/go/src/net/http/server.go:2747 +0x1ca
net/http.serverHandler.ServeHTTP({0x172a2f0?}, {0x172b6a8?, 0xc0000da2a0?}, 0x6?)
	/usr/local/go/src/net/http/server.go:3210 +0x8e
net/http.(*conn).serve(0xc0000e4120, {0x172bbd8, 0xc0000a51d0})
	/usr/local/go/src/net/http/server.go:2092 +0x5d0
created by net/http.(*Server).Serve in goroutine 1
	/usr/local/go/src/net/http/server.go:3360 +0x485
2024/11/30 18:33:33 El módulo memoria está a la escucha en el puerto :8002
2024/11/30 18:33:36 ## Proceso creado -  PID: 1 - Tamaño: 32
2024/11/30 18:33:36 prueba.txt
2024/11/30 18:33:36 http: panic serving 127.0.0.1:50664: assignment to entry in nil map
goroutine 19 [running]:
net/http.(*conn).serve.func1()
	/usr/local/go/src/net/http/server.go:1947 +0xbe
panic({0x161fe40?, 0x1674e30?})
	/usr/local/go/src/runtime/panic.go:785 +0x132
github.com/sisoputnfrba/tp-golang/memoria/globals/functions.CrearHiloMemoria(0x1, 0x0, {0xc0000908c0, 0xa})
	/Users/gonzaloramirez/Documents/UTN/tp-2024-2c-Equipo-Operativo/memoria/globals/functions/funciones.go:146 +0xd2
github.com/sisoputnfrba/tp-golang/memoria/handlers.HandleCrearHilo({0x16786a8, 0xc0000da2a0}, 0xc0000e2500)
	/Users/gonzaloramirez/Documents/UTN/tp-2024-2c-Equipo-Operativo/memoria/handlers/handlers.go:236 +0xb2
net/http.HandlerFunc.ServeHTTP(0xc0000da0e0?, {0x16786a8?, 0xc0000da2a0?}, 0x1bf31720?)
	/usr/local/go/src/net/http/server.go:2220 +0x29
net/http.(*ServeMux).ServeHTTP(0x12c82e5?, {0x16786a8, 0xc0000da2a0}, 0xc0000e2500)
	/usr/local/go/src/net/http/server.go:2747 +0x1ca
net/http.serverHandler.ServeHTTP({0x16772f0?}, {0x16786a8?, 0xc0000da2a0?}, 0x6?)
	/usr/local/go/src/net/http/server.go:3210 +0x8e
net/http.(*conn).serve(0xc0000e4120, {0x1678bd8, 0xc0000a51d0})
	/usr/local/go/src/net/http/server.go:2092 +0x5d0
created by net/http.(*Server).Serve in goroutine 1
	/usr/local/go/src/net/http/server.go:3360 +0x485
2024/11/30 18:39:41 El módulo memoria está a la escucha en el puerto :8002
2024/11/30 18:39:44 ## Proceso creado -  PID: 1 - Tamaño: 32
2024/11/30 18:39:44 prueba.txt
2024/11/30 18:39:44 http: panic serving 127.0.0.1:51078: assignment to entry in nil map
goroutine 19 [running]:
net/http.(*conn).serve.func1()
	/usr/local/go/src/net/http/server.go:1947 +0xbe
panic({0x3df9e40?, 0x3e4ee30?})
	/usr/local/go/src/runtime/panic.go:785 +0x132
github.com/sisoputnfrba/tp-golang/memoria/globals/functions.CrearHiloMemoria(0x1, 0x0, {0xc0000908c0, 0xa})
	/Users/gonzaloramirez/Documents/UTN/tp-2024-2c-Equipo-Operativo/memoria/globals/functions/funciones.go:146 +0xd2
github.com/sisoputnfrba/tp-golang/memoria/handlers.HandleCrearHilo({0x3e526a8, 0xc0000da2a0}, 0xc0000e2500)
	/Users/gonzaloramirez/Documents/UTN/tp-2024-2c-Equipo-Operativo/memoria/handlers/handlers.go:236 +0xb2
net/http.HandlerFunc.ServeHTTP(0xc0000da0e0?, {0x3e526a8?, 0xc0000da2a0?}, 0x3274a810?)
	/usr/local/go/src/net/http/server.go:2220 +0x29
net/http.(*ServeMux).ServeHTTP(0x3aa22e5?, {0x3e526a8, 0xc0000da2a0}, 0xc0000e2500)
	/usr/local/go/src/net/http/server.go:2747 +0x1ca
net/http.serverHandler.ServeHTTP({0x3e512f0?}, {0x3e526a8?, 0xc0000da2a0?}, 0x6?)
	/usr/local/go/src/net/http/server.go:3210 +0x8e
net/http.(*conn).serve(0xc0000e4120, {0x3e52bd8, 0xc0000a51d0})
	/usr/local/go/src/net/http/server.go:2092 +0x5d0
created by net/http.(*Server).Serve in goroutine 1
	/usr/local/go/src/net/http/server.go:3360 +0x485
2024/11/30 18:42:12 El módulo memoria está a la escucha en el puerto :8002
2024/11/30 18:42:14 ## Proceso creado -  PID: 1 - Tamaño: 32
2024/11/30 18:42:14 prueba.txt
2024/11/30 18:42:14 http: panic serving 127.0.0.1:51245: assignment to entry in nil map
goroutine 7 [running]:
net/http.(*conn).serve.func1()
	/usr/local/go/src/net/http/server.go:1947 +0xbe
panic({0x3778e40?, 0x37cde30?})
	/usr/local/go/src/runtime/panic.go:785 +0x132
github.com/sisoputnfrba/tp-golang/memoria/globals/functions.CrearHiloMemoria(0x1, 0x0, {0xc00009a110, 0xa})
	/Users/gonzaloramirez/Documents/UTN/tp-2024-2c-Equipo-Operativo/memoria/globals/functions/funciones.go:146 +0xd2
github.com/sisoputnfrba/tp-golang/memoria/handlers.HandleCrearHilo({0x37d16a8, 0xc0000a8000}, 0xc000094000)
	/Users/gonzaloramirez/Documents/UTN/tp-2024-2c-Equipo-Operativo/memoria/handlers/handlers.go:236 +0xb2
net/http.HandlerFunc.ServeHTTP(0xc00012c0e0?, {0x37d16a8?, 0xc0000a8000?}, 0x2d97a568?)
	/usr/local/go/src/net/http/server.go:2220 +0x29
net/http.(*ServeMux).ServeHTTP(0x34212e5?, {0x37d16a8, 0xc0000a8000}, 0xc000094000)
	/usr/local/go/src/net/http/server.go:2747 +0x1ca
net/http.serverHandler.ServeHTTP({0x37d02f0?}, {0x37d16a8?, 0xc0000a8000?}, 0x6?)
	/usr/local/go/src/net/http/server.go:3210 +0x8e
net/http.(*conn).serve(0xc000136120, {0x37d1bd8, 0xc0001091d0})
	/usr/local/go/src/net/http/server.go:2092 +0x5d0
created by net/http.(*Server).Serve in goroutine 1
	/usr/local/go/src/net/http/server.go:3360 +0x485
2024/11/30 18:45:40 <nil>
2024/11/30 18:45:40 El módulo memoria está a la escucha en el puerto :8002
2024/11/30 18:46:44 1024
2024/11/30 18:46:44 El módulo memoria está a la escucha en el puerto :8002
2024/11/30 18:52:55 El módulo memoria está a la escucha en el puerto :8002
2024/11/30 18:52:57 ## Proceso creado -  PID: 1 - Tamaño: 32
2024/11/30 18:52:57 prueba.txt
2024/11/30 18:52:57 http: panic serving 127.0.0.1:51957: assignment to entry in nil map
goroutine 19 [running]:
net/http.(*conn).serve.func1()
	/usr/local/go/src/net/http/server.go:1947 +0xbe
panic({0x5487e40?, 0x54dce30?})
	/usr/local/go/src/runtime/panic.go:785 +0x132
github.com/sisoputnfrba/tp-golang/memoria/globals/functions.CrearHiloMemoria(0x1, 0x0, {0xc0000908d0, 0xa})
	/Users/gonzaloramirez/Documents/UTN/tp-2024-2c-Equipo-Operativo/memoria/globals/functions/funciones.go:146 +0xd2
github.com/sisoputnfrba/tp-golang/memoria/handlers.HandleCrearHilo({0x54e06a8, 0xc0000da2a0}, 0xc0000e2500)
	/Users/gonzaloramirez/Documents/UTN/tp-2024-2c-Equipo-Operativo/memoria/handlers/handlers.go:236 +0xb2
net/http.HandlerFunc.ServeHTTP(0xc0000da0e0?, {0x54e06a8?, 0xc0000da2a0?}, 0x365cabf8?)
	/usr/local/go/src/net/http/server.go:2220 +0x29
net/http.(*ServeMux).ServeHTTP(0x51302e5?, {0x54e06a8, 0xc0000da2a0}, 0xc0000e2500)
	/usr/local/go/src/net/http/server.go:2747 +0x1ca
net/http.serverHandler.ServeHTTP({0x54df2f0?}, {0x54e06a8?, 0xc0000da2a0?}, 0x6?)
	/usr/local/go/src/net/http/server.go:3210 +0x8e
net/http.(*conn).serve(0xc0000e4120, {0x54e0bd8, 0xc0000a51d0})
	/usr/local/go/src/net/http/server.go:2092 +0x5d0
created by net/http.(*Server).Serve in goroutine 1
	/usr/local/go/src/net/http/server.go:3360 +0x485
2024/11/30 19:51:54 El módulo memoria está a la escucha en el puerto :8002
2024/11/30 19:52:04 ## Proceso creado -  PID: 1 - Tamaño: 32
2024/11/30 19:52:04 prueba.txt
2024/11/30 19:52:04 http: panic serving 127.0.0.1:52327: assignment to entry in nil map
goroutine 7 [running]:
net/http.(*conn).serve.func1()
	/usr/local/go/src/net/http/server.go:1947 +0xbe
panic({0x5c1ae40?, 0x5c6fe30?})
	/usr/local/go/src/runtime/panic.go:785 +0x132
github.com/sisoputnfrba/tp-golang/memoria/globals/functions.CrearHiloMemoria(0x1, 0x0, {0xc000012950, 0xa})
	/Users/gonzaloramirez/Documents/UTN/tp-2024-2c-Equipo-Operativo/memoria/globals/functions/funciones.go:146 +0xd2
github.com/sisoputnfrba/tp-golang/memoria/handlers.HandleCrearHilo({0x5c736a8, 0xc00012e2a0}, 0xc000136500)
	/Users/gonzaloramirez/Documents/UTN/tp-2024-2c-Equipo-Operativo/memoria/handlers/handlers.go:236 +0xb2
net/http.HandlerFunc.ServeHTTP(0xc00012e0e0?, {0x5c736a8?, 0xc00012e2a0?}, 0x23c58820?)
	/usr/local/go/src/net/http/server.go:2220 +0x29
net/http.(*ServeMux).ServeHTTP(0x58c32e5?, {0x5c736a8, 0xc00012e2a0}, 0xc000136500)
	/usr/local/go/src/net/http/server.go:2747 +0x1ca
net/http.serverHandler.ServeHTTP({0x5c722f0?}, {0x5c736a8?, 0xc00012e2a0?}, 0x6?)
	/usr/local/go/src/net/http/server.go:3210 +0x8e
net/http.(*conn).serve(0xc0001281b0, {0x5c73bd8, 0xc0001091d0})
	/usr/local/go/src/net/http/server.go:2092 +0x5d0
created by net/http.(*Server).Serve in goroutine 1
	/usr/local/go/src/net/http/server.go:3360 +0x485
2024/11/30 19:53:32 El módulo memoria está a la escucha en el puerto :8002
2024/11/30 19:53:34 ## Proceso creado -  PID: 1 - Tamaño: 32
2024/11/30 19:53:34 prueba.txt
2024/11/30 19:53:34 http: panic serving 127.0.0.1:52435: assignment to entry in nil map
goroutine 7 [running]:
net/http.(*conn).serve.func1()
	/usr/local/go/src/net/http/server.go:1947 +0xbe
panic({0x4082e40?, 0x40d7e30?})
	/usr/local/go/src/runtime/panic.go:785 +0x132
github.com/sisoputnfrba/tp-golang/memoria/globals/functions.CrearHiloMemoria(0x1, 0x0, {0xc000012950, 0xa})
	/Users/gonzaloramirez/Documents/UTN/tp-2024-2c-Equipo-Operativo/memoria/globals/functions/funciones.go:158 +0x187
github.com/sisoputnfrba/tp-golang/memoria/handlers.HandleCrearHilo({0x40db6a8, 0xc00012c2a0}, 0xc000134500)
	/Users/gonzaloramirez/Documents/UTN/tp-2024-2c-Equipo-Operativo/memoria/handlers/handlers.go:236 +0xb2
net/http.HandlerFunc.ServeHTTP(0xc00012c0e0?, {0x40db6a8?, 0xc00012c2a0?}, 0x372b2758?)
	/usr/local/go/src/net/http/server.go:2220 +0x29
net/http.(*ServeMux).ServeHTTP(0x3d2b2e5?, {0x40db6a8, 0xc00012c2a0}, 0xc000134500)
	/usr/local/go/src/net/http/server.go:2747 +0x1ca
net/http.serverHandler.ServeHTTP({0x40da2f0?}, {0x40db6a8?, 0xc00012c2a0?}, 0x6?)
	/usr/local/go/src/net/http/server.go:3210 +0x8e
net/http.(*conn).serve(0xc000136120, {0x40dbbd8, 0xc0001091d0})
	/usr/local/go/src/net/http/server.go:2092 +0x5d0
created by net/http.(*Server).Serve in goroutine 1
	/usr/local/go/src/net/http/server.go:3360 +0x485
2024/11/30 19:57:21 El módulo memoria está a la escucha en el puerto :8002
2024/11/30 19:57:25 ## Proceso creado -  PID: 1 - Tamaño: 32
2024/11/30 19:57:25 prueba.txt
2024/11/30 19:57:25 ## Hilo creado - (PID:TID) - (1:0)
2024/11/30 20:00:17 El módulo memoria está a la escucha en el puerto :8002
2024/11/30 20:00:18 ## Proceso creado -  PID: 1 - Tamaño: 32
2024/11/30 20:00:18 prueba.txt
2024/11/30 20:00:18 ## Hilo creado - (PID:TID) - (1:0)
2024/11/30 20:02:28 El módulo memoria está a la escucha en el puerto :8002
2024/11/30 20:02:30 ## Proceso creado -  PID: 1 - Tamaño: 32
2024/11/30 20:02:30 prueba.txt
2024/11/30 20:02:30 ## Hilo creado - (PID:TID) - (1:0)
2024/11/30 20:05:30 Memoria inicializada con éxito.
2024/11/30 20:05:30 El módulo memoria está a la escucha en el puerto :8002
2024/11/30 20:05:33 ## Proceso creado -  PID: 1 - Tamaño: 32
2024/11/30 20:05:33 ## Hilo creado - (PID:TID) - (1:0)
2024/12/01 10:31:50 Memoria inicializada con éxito.
2024/12/01 10:31:50 El módulo memoria está a la escucha en el puerto :8002
2024/12/01 10:32:53 Memoria inicializada con éxito.
2024/12/01 10:32:53 El módulo memoria está a la escucha en el puerto :8002
2024/12/01 10:33:23 ## Proceso creado -  PID: 1 - Tamaño: 32
2024/12/01 10:33:23 ## Hilo creado - (PID:TID) - (1:0)
2024/12/01 10:35:03 Memoria inicializada con éxito.
2024/12/01 10:35:03 El módulo memoria está a la escucha en el puerto :8002
2024/12/01 10:35:39 ## Proceso creado -  PID: 1 - Tamaño: 32
2024/12/01 10:35:39 ## Hilo creado - (PID:TID) - (1:0)
2024/12/01 10:46:43 Memoria inicializada con éxito.
2024/12/01 10:46:43 El módulo memoria está a la escucha en el puerto :8002
2024/12/01 10:46:54 ## Proceso creado -  PID: 1 - Tamaño: 32
2024/12/01 10:46:54 ## Hilo creado - (PID:TID) - (1:0)
2024/12/01 10:47:48 Memoria inicializada con éxito.
2024/12/01 10:47:48 El módulo memoria está a la escucha en el puerto :8002
2024/12/01 10:47:52 ## Proceso creado -  PID: 1 - Tamaño: 32
2024/12/01 10:47:52 ## Hilo creado - (PID:TID) - (1:0)
2024/12/01 10:48:42 Memoria inicializada con éxito.
2024/12/01 10:48:42 El módulo memoria está a la escucha en el puerto :8002
2024/12/01 10:48:46 ## Proceso creado -  PID: 1 - Tamaño: 32
2024/12/01 10:48:46 ## Hilo creado - (PID:TID) - (1:0)
2024/12/01 10:49:07 Memoria inicializada con éxito.
2024/12/01 10:49:07 El módulo memoria está a la escucha en el puerto :8002
2024/12/01 10:49:11 ## Proceso creado -  PID: 1 - Tamaño: 32
2024/12/01 10:49:11 ## Hilo creado - (PID:TID) - (1:0)
2024/12/01 10:49:41 Memoria inicializada con éxito.
2024/12/01 10:49:41 El módulo memoria está a la escucha en el puerto :8002
2024/12/01 10:49:44 ## Proceso creado -  PID: 1 - Tamaño: 32
2024/12/01 10:49:45 ## Hilo creado - (PID:TID) - (1:0)
2024/12/01 10:50:26 Memoria inicializada con éxito.
2024/12/01 10:50:26 El módulo memoria está a la escucha en el puerto :8002
2024/12/01 10:50:29 ## Proceso creado -  PID: 1 - Tamaño: 32
2024/12/01 10:50:29 ## Hilo creado - (PID:TID) - (1:0)
2024/12/01 10:50:57 Memoria inicializada con éxito.
2024/12/01 10:50:57 El módulo memoria está a la escucha en el puerto :8002
2024/12/01 10:50:59 ## Proceso creado -  PID: 1 - Tamaño: 32
2024/12/01 10:50:59 ## Hilo creado - (PID:TID) - (1:0)
2024/12/01 10:51:45 Memoria inicializada con éxito.
2024/12/01 10:51:45 El módulo memoria está a la escucha en el puerto :8002
2024/12/01 10:51:48 ## Proceso creado -  PID: 1 - Tamaño: 32
2024/12/01 10:51:48 ## Hilo creado - (PID:TID) - (1:0)
2024/12/01 10:52:26 Memoria inicializada con éxito.
2024/12/01 10:52:26 El módulo memoria está a la escucha en el puerto :8002
2024/12/01 10:52:48 ## Proceso creado -  PID: 1 - Tamaño: 32
2024/12/01 10:52:48 ## Hilo creado - (PID:TID) - (1:0)
2024/12/01 10:54:25 Memoria inicializada con éxito.
2024/12/01 10:54:25 El módulo memoria está a la escucha en el puerto :8002
2024/12/01 10:54:27 ## Proceso creado -  PID: 1 - Tamaño: 32
2024/12/01 10:54:27 ## Hilo creado - (PID:TID) - (1:0)
2024/12/01 10:55:25 Memoria inicializada con éxito.
2024/12/01 10:55:25 El módulo memoria está a la escucha en el puerto :8002
2024/12/01 10:55:31 ## Proceso creado -  PID: 1 - Tamaño: 32
2024/12/01 10:55:31 ## Hilo creado - (PID:TID) - (1:0)
2024/12/01 10:56:34 Memoria inicializada con éxito.
2024/12/01 10:56:34 El módulo memoria está a la escucha en el puerto :8002
2024/12/01 10:56:36 ## Proceso creado -  PID: 1 - Tamaño: 32
2024/12/01 10:56:36 ## Hilo creado - (PID:TID) - (1:0)
2024/12/01 10:57:01 Memoria inicializada con éxito.
2024/12/01 10:57:01 El módulo memoria está a la escucha en el puerto :8002
2024/12/01 10:57:05 ## Proceso creado -  PID: 1 - Tamaño: 32
2024/12/01 10:57:05 ## Hilo creado - (PID:TID) - (1:0)
2024/12/01 10:57:15 Memoria inicializada con éxito.
2024/12/01 10:57:15 El módulo memoria está a la escucha en el puerto :8002
2024/12/01 10:57:17 ## Proceso creado -  PID: 1 - Tamaño: 32
2024/12/01 10:57:17 ## Hilo creado - (PID:TID) - (1:0)
2024/12/01 10:58:37 Memoria inicializada con éxito.
2024/12/01 10:58:37 El módulo memoria está a la escucha en el puerto :8002
2024/12/01 10:58:40 ## Proceso creado -  PID: 1 - Tamaño: 32
2024/12/01 10:58:40 ## Hilo creado - (PID:TID) - (1:0)
2024/12/01 10:58:58 Memoria inicializada con éxito.
2024/12/01 10:58:58 El módulo memoria está a la escucha en el puerto :8002
2024/12/01 10:59:02 ## Proceso creado -  PID: 1 - Tamaño: 32
2024/12/01 10:59:02 ## Hilo creado - (PID:TID) - (1:0)
2024/12/01 11:00:25 Memoria inicializada con éxito.
2024/12/01 11:00:25 El módulo memoria está a la escucha en el puerto :8002
2024/12/01 11:01:24 Memoria inicializada con éxito.
2024/12/01 11:01:24 El módulo memoria está a la escucha en el puerto :8002
2024/12/01 11:06:37 Memoria inicializada con éxito.
2024/12/01 11:06:37 El módulo memoria está a la escucha en el puerto :8002
2024/12/01 11:07:00 ## Proceso creado -  PID: 1 - Tamaño: 32
2024/12/01 11:07:00 ## Hilo creado - (PID:TID) - (1:0)
2024/12/01 11:18:40 Memoria inicializada con éxito.
2024/12/01 11:18:40 El módulo memoria está a la escucha en el puerto :8002
2024/12/01 11:18:43 ## Proceso creado -  PID: 1 - Tamaño: 32
2024/12/01 11:18:43 ## Hilo creado - (PID:TID) - (1:0)
2024/12/01 11:19:53 Memoria inicializada con éxito.
2024/12/01 11:19:53 El módulo memoria está a la escucha en el puerto :8002
2024/12/01 11:19:57 ## Proceso creado -  PID: 1 - Tamaño: 32
2024/12/01 11:19:57 ## Hilo creado - (PID:TID) - (1:0)
2024/12/01 11:23:16 Memoria inicializada con éxito.
2024/12/01 11:23:16 El módulo memoria está a la escucha en el puerto :8002
2024/12/01 11:23:18 ## Proceso creado -  PID: 1 - Tamaño: 32
2024/12/01 11:23:18 ## Hilo creado - (PID:TID) - (1:0)
2024/12/01 11:24:51 Memoria inicializada con éxito.
2024/12/01 11:24:51 El módulo memoria está a la escucha en el puerto :8002
2024/12/01 11:24:53 ## Proceso creado -  PID: 1 - Tamaño: 32
2024/12/01 11:24:53 ## Hilo creado - (PID:TID) - (1:0)
2024/12/01 11:28:41 Memoria inicializada con éxito.
2024/12/01 11:28:41 El módulo memoria está a la escucha en el puerto :8002
2024/12/01 11:28:43 ## Proceso creado -  PID: 1 - Tamaño: 32
2024/12/01 11:28:43 ## Hilo creado - (PID:TID) - (1:0)
2024/12/01 11:31:07 Memoria inicializada con éxito.
2024/12/01 11:31:07 El módulo memoria está a la escucha en el puerto :8002
2024/12/01 11:31:09 ## Proceso creado -  PID: 1 - Tamaño: 32
2024/12/01 11:31:09 ## Hilo creado - (PID:TID) - (1:0)
2024/12/01 11:32:38 Memoria inicializada con éxito.
2024/12/01 11:32:38 El módulo memoria está a la escucha en el puerto :8002
2024/12/01 11:32:40 ## Proceso creado -  PID: 1 - Tamaño: 32
2024/12/01 11:32:40 ## Hilo creado - (PID:TID) - (1:0)
2024/12/01 11:34:31 Memoria inicializada con éxito.
2024/12/01 11:34:31 El módulo memoria está a la escucha en el puerto :8002
2024/12/01 11:34:34 ## Proceso creado -  PID: 1 - Tamaño: 32
2024/12/01 11:34:34 ## Hilo creado - (PID:TID) - (1:0)
2024/12/01 11:36:03 Memoria inicializada con éxito.
2024/12/01 11:36:03 El módulo memoria está a la escucha en el puerto :8002
2024/12/01 11:36:06 ## Proceso creado -  PID: 1 - Tamaño: 32
2024/12/01 11:36:06 ## Hilo creado - (PID:TID) - (1:0)
2024/12/01 11:36:31 Memoria inicializada con éxito.
2024/12/01 11:36:31 El módulo memoria está a la escucha en el puerto :8002
2024/12/01 11:36:34 ## Proceso creado -  PID: 1 - Tamaño: 32
2024/12/01 11:36:34 ## Hilo creado - (PID:TID) - (1:0)
2024/12/01 11:38:17 El proceso 1 no pudo ser inicializado
2024/12/01 11:38:25 Memoria inicializada con éxito.
2024/12/01 11:38:25 El módulo memoria está a la escucha en el puerto :8002
2024/12/01 11:38:28 ## Proceso creado -  PID: 1 - Tamaño: 32
2024/12/01 11:38:28 ## Hilo creado - (PID:TID) - (1:0)
2024/12/01 11:38:46 Memoria inicializada con éxito.
2024/12/01 11:38:46 El módulo memoria está a la escucha en el puerto :8002
2024/12/01 11:38:49 ## Proceso creado -  PID: 1 - Tamaño: 32
2024/12/01 11:38:49 ## Hilo creado - (PID:TID) - (1:0)
2024/12/01 11:39:15 Memoria inicializada con éxito.
2024/12/01 11:39:15 El módulo memoria está a la escucha en el puerto :8002
2024/12/01 11:39:19 ## Proceso creado -  PID: 1 - Tamaño: 32
2024/12/01 11:39:19 ## Hilo creado - (PID:TID) - (1:0)
2024/12/01 11:39:46 Memoria inicializada con éxito.
2024/12/01 11:39:46 El módulo memoria está a la escucha en el puerto :8002
2024/12/01 11:39:48 ## Proceso creado -  PID: 1 - Tamaño: 32
2024/12/01 11:39:48 ## Hilo creado - (PID:TID) - (1:0)
2024/12/01 11:42:53 Memoria inicializada con éxito.
2024/12/01 11:42:53 El módulo memoria está a la escucha en el puerto :8002
2024/12/01 11:42:56 ## Proceso creado -  PID: 1 - Tamaño: 32
2024/12/01 11:42:56 ## Hilo creado - (PID:TID) - (1:0)
2024/12/01 11:43:26 Memoria inicializada con éxito.
2024/12/01 11:43:26 El módulo memoria está a la escucha en el puerto :8002
2024/12/01 11:43:28 ## Proceso creado -  PID: 1 - Tamaño: 32
2024/12/01 11:43:28 ## Hilo creado - (PID:TID) - (1:0)
2024/12/01 11:44:26 Memoria inicializada con éxito.
2024/12/01 11:44:26 El módulo memoria está a la escucha en el puerto :8002
2024/12/01 11:44:40 ## Proceso creado -  PID: 1 - Tamaño: 32
2024/12/01 11:44:40 ## Hilo creado - (PID:TID) - (1:0)
2024/12/01 11:50:44 Memoria inicializada con éxito.
2024/12/01 11:50:44 El módulo memoria está a la escucha en el puerto :8002
2024/12/01 11:53:24 ## Proceso creado -  PID: 1 - Tamaño: 32
2024/12/01 11:53:24 ## Hilo creado - (PID:TID) - (1:0)
2024/12/01 11:53:25 http: panic serving 127.0.0.1:59695: runtime error: invalid memory address or nil pointer dereference
goroutine 5 [running]:
net/http.(*conn).serve.func1()
	/usr/local/go/src/net/http/server.go:1947 +0xbe
panic({0x3c37c00?, 0x3e60870?})
	/usr/local/go/src/runtime/panic.go:785 +0x132
github.com/sisoputnfrba/tp-golang/memoria/globals/functions.ObtenerInstruccion(0x0, 0x0, 0x0)
	/Users/gonzaloramirez/Documents/UTN/tp-2024-2c-Equipo-Operativo/memoria/globals/functions/funciones.go:49 +0x53
github.com/sisoputnfrba/tp-golang/memoria/handlers.HandleEnviarInstruccion({0x3c906a8, 0xc00018a000}, 0xc000184000)
	/Users/gonzaloramirez/Documents/UTN/tp-2024-2c-Equipo-Operativo/memoria/handlers/handlers.go:94 +0xc7
net/http.HandlerFunc.ServeHTTP(0xc0000da0e0?, {0x3c906a8?, 0xc00018a000?}, 0x29897028?)
	/usr/local/go/src/net/http/server.go:2220 +0x29
net/http.(*ServeMux).ServeHTTP(0x38e02e5?, {0x3c906a8, 0xc00018a000}, 0xc000184000)
	/usr/local/go/src/net/http/server.go:2747 +0x1ca
net/http.serverHandler.ServeHTTP({0x3c8f2f0?}, {0x3c906a8?, 0xc00018a000?}, 0x6?)
	/usr/local/go/src/net/http/server.go:3210 +0x8e
net/http.(*conn).serve(0xc000180000, {0x3c90bd8, 0xc0000a51d0})
	/usr/local/go/src/net/http/server.go:2092 +0x5d0
created by net/http.(*Server).Serve in goroutine 1
	/usr/local/go/src/net/http/server.go:3360 +0x485
2024/12/01 11:56:23 Memoria inicializada con éxito.
2024/12/01 11:56:23 El módulo memoria está a la escucha en el puerto :8002
2024/12/01 11:56:30 ## Proceso creado -  PID: 1 - Tamaño: 32
2024/12/01 11:56:30 ## Hilo creado - (PID:TID) - (1:0)
2024/12/01 11:56:31 http: panic serving 127.0.0.1:59934: runtime error: invalid memory address or nil pointer dereference
goroutine 6 [running]:
net/http.(*conn).serve.func1()
	/usr/local/go/src/net/http/server.go:1947 +0xbe
panic({0x385cc00?, 0x3a85870?})
	/usr/local/go/src/runtime/panic.go:785 +0x132
github.com/sisoputnfrba/tp-golang/memoria/globals/functions.ObtenerInstruccion(0x0, 0x0, 0x0)
	/Users/gonzaloramirez/Documents/UTN/tp-2024-2c-Equipo-Operativo/memoria/globals/functions/funciones.go:49 +0x53
github.com/sisoputnfrba/tp-golang/memoria/handlers.HandleEnviarInstruccion({0x38b56a8, 0xc0001860e0}, 0xc00007e280)
	/Users/gonzaloramirez/Documents/UTN/tp-2024-2c-Equipo-Operativo/memoria/handlers/handlers.go:94 +0xc7
net/http.HandlerFunc.ServeHTTP(0xc0000dc0e0?, {0x38b56a8?, 0xc0001860e0?}, 0x38df1118?)
	/usr/local/go/src/net/http/server.go:2220 +0x29
net/http.(*ServeMux).ServeHTTP(0x35052e5?, {0x38b56a8, 0xc0001860e0}, 0xc00007e280)
	/usr/local/go/src/net/http/server.go:2747 +0x1ca
net/http.serverHandler.ServeHTTP({0x38b42f0?}, {0x38b56a8?, 0xc0001860e0?}, 0x6?)
	/usr/local/go/src/net/http/server.go:3210 +0x8e
net/http.(*conn).serve(0xc000180360, {0x38b5bd8, 0xc0000a71d0})
	/usr/local/go/src/net/http/server.go:2092 +0x5d0
created by net/http.(*Server).Serve in goroutine 1
	/usr/local/go/src/net/http/server.go:3360 +0x485
2024/12/01 12:03:08 Memoria inicializada con éxito.
2024/12/01 12:03:08 El módulo memoria está a la escucha en el puerto :8002
2024/12/01 12:03:13 ## Proceso creado -  PID: 1 - Tamaño: 32
2024/12/01 12:03:13 ## Hilo creado - (PID:TID) - (1:0)
2024/12/01 12:03:14 http: panic serving 127.0.0.1:60439: runtime error: invalid memory address or nil pointer dereference
goroutine 33 [running]:
net/http.(*conn).serve.func1()
	/usr/local/go/src/net/http/server.go:1947 +0xbe
panic({0x40e2c00?, 0x430b870?})
	/usr/local/go/src/runtime/panic.go:785 +0x132
github.com/sisoputnfrba/tp-golang/memoria/globals/functions.ObtenerInstruccion(0x0, 0x0, 0x0)
	/Users/gonzaloramirez/Documents/UTN/tp-2024-2c-Equipo-Operativo/memoria/globals/functions/funciones.go:49 +0x53
github.com/sisoputnfrba/tp-golang/memoria/handlers.HandleEnviarInstruccion({0x413b6a8, 0xc00022e000}, 0xc000222000)
	/Users/gonzaloramirez/Documents/UTN/tp-2024-2c-Equipo-Operativo/memoria/handlers/handlers.go:94 +0xc7
net/http.HandlerFunc.ServeHTTP(0xc0000da0e0?, {0x413b6a8?, 0xc00022e000?}, 0x7e71a10?)
	/usr/local/go/src/net/http/server.go:2220 +0x29
net/http.(*ServeMux).ServeHTTP(0x3d8b2e5?, {0x413b6a8, 0xc00022e000}, 0xc000222000)
	/usr/local/go/src/net/http/server.go:2747 +0x1ca
net/http.serverHandler.ServeHTTP({0x413a2f0?}, {0x413b6a8?, 0xc00022e000?}, 0x6?)
	/usr/local/go/src/net/http/server.go:3210 +0x8e
net/http.(*conn).serve(0xc000208000, {0x413bbd8, 0xc0000a51d0})
	/usr/local/go/src/net/http/server.go:2092 +0x5d0
created by net/http.(*Server).Serve in goroutine 1
	/usr/local/go/src/net/http/server.go:3360 +0x485
2024/12/01 12:09:50 Memoria inicializada con éxito.
2024/12/01 12:09:50 El módulo memoria está a la escucha en el puerto :8002
2024/12/01 12:09:56 ## Proceso creado -  PID: 1 - Tamaño: 32
2024/12/01 12:09:56 ## Hilo creado - (PID:TID) - (1:0)
2024/12/01 12:09:57 http: panic serving 127.0.0.1:60939: runtime error: invalid memory address or nil pointer dereference
goroutine 22 [running]:
net/http.(*conn).serve.func1()
	/usr/local/go/src/net/http/server.go:1947 +0xbe
panic({0x3e3ac00?, 0x4063870?})
	/usr/local/go/src/runtime/panic.go:785 +0x132
github.com/sisoputnfrba/tp-golang/memoria/globals/functions.ObtenerInstruccion(0x0, 0x0, 0x0)
	/Users/gonzaloramirez/Documents/UTN/tp-2024-2c-Equipo-Operativo/memoria/globals/functions/funciones.go:49 +0x53
github.com/sisoputnfrba/tp-golang/memoria/handlers.HandleEnviarInstruccion({0x3e936a8, 0xc0000da380}, 0xc0000e2780)
	/Users/gonzaloramirez/Documents/UTN/tp-2024-2c-Equipo-Operativo/memoria/handlers/handlers.go:94 +0xc7
net/http.HandlerFunc.ServeHTTP(0xc0000da0e0?, {0x3e936a8?, 0xc0000da380?}, 0x21574358?)
	/usr/local/go/src/net/http/server.go:2220 +0x29
net/http.(*ServeMux).ServeHTTP(0x3ae32e5?, {0x3e936a8, 0xc0000da380}, 0xc0000e2780)
	/usr/local/go/src/net/http/server.go:2747 +0x1ca
net/http.serverHandler.ServeHTTP({0x3e922f0?}, {0x3e936a8?, 0xc0000da380?}, 0x6?)
	/usr/local/go/src/net/http/server.go:3210 +0x8e
net/http.(*conn).serve(0xc0000e4750, {0x3e93bd8, 0xc0000a51d0})
	/usr/local/go/src/net/http/server.go:2092 +0x5d0
created by net/http.(*Server).Serve in goroutine 1
	/usr/local/go/src/net/http/server.go:3360 +0x485
