2024/09/24 12:03:52 algo.txt 30
2024/09/24 12:03:52 El módulo kernel está a la escucha en el puerto :8001
2024/09/24 12:11:08 Cola NEW no está vacía, proceso se encola en NEW.
2024/09/24 12:11:08 El módulo kernel está a la escucha en el puerto :8001
2024/09/24 12:14:09 Cola NEW no está vacía, proceso se encola en NEW.
2024/09/24 12:14:09 El módulo kernel está a la escucha en el puerto :8001
2024/09/24 12:16:37 1 [{1 [] [] 0 NEW 30 gofdb 5}] Cola NEW no está vacía, proceso se encola en NEW.
2024/09/24 12:16:37 gofdb 30 5
2024/09/24 12:16:37 El módulo kernel está a la escucha en el puerto :8001
2024/09/24 12:21:20 Cola NEW está vacía, solicitando memoria.
2024/09/24 12:22:29 Cola NEW está vacía, solicitando memoria.
2024/09/24 12:22:29 Respuesta POST: 404 page not found

2024/09/24 12:22:29 Memoria no tiene suficiente espacio. Proceso en espera.
2024/09/24 12:22:29 gofdb 30 5
2024/09/24 12:22:29 El módulo kernel está a la escucha en el puerto :8001
2024/09/24 12:24:46 Cola NEW está vacía, solicitando memoria.
2024/09/24 12:24:46 Respuesta POST: 404 page not found

2024/09/24 12:24:46 Memoria no tiene suficiente espacio. Proceso en espera.
2024/09/24 12:24:46 gofdb 30 5
2024/09/24 12:24:46 El módulo kernel está a la escucha en el puerto :8001
2024/09/24 12:25:45 Cola NEW está vacía, solicitando memoria.
2024/09/24 12:25:45 Respuesta POST: 404 page not found

2024/09/24 12:25:45 Memoria no tiene suficiente espacio. Proceso en espera.
2024/09/24 12:25:45 1 NEW
2024/09/24 12:25:45 gofdb 30 5
2024/09/24 12:25:45 El módulo kernel está a la escucha en el puerto :8001
2024/09/24 12:26:29 Cola NEW está vacía, solicitando memoria.
2024/09/24 12:26:29 Respuesta POST: 404 page not found

2024/09/24 12:26:29 Memoria no tiene suficiente espacio. Proceso en espera.
2024/09/24 12:26:29 1 NEW
2024/09/24 12:26:29 gofdb 30 5
2024/09/24 12:26:29 Cola NEW no está vacía, proceso se encola en NEW.
2024/09/24 12:26:29 El módulo kernel está a la escucha en el puerto :8001
2024/09/24 12:27:09 Cola NEW está vacía, solicitando memoria.
2024/09/24 12:27:09 Respuesta POST: 404 page not found

2024/09/24 12:27:09 Memoria no tiene suficiente espacio. Proceso en espera.
2024/09/24 12:27:09 1 NEW
2024/09/24 12:27:09 gofdb 30 5
2024/09/24 12:27:09 Cola NEW no está vacía, proceso se encola en NEW.
2024/09/24 12:27:09 2 NEW [{1 [] [] 0 NEW 30 gofdb 5} {2 [] [] 0 NEW 30 pepito 0}]
2024/09/24 12:27:09 El módulo kernel está a la escucha en el puerto :8001
2024/09/24 12:33:59 Cola NEW está vacía, solicitando memoria.
2024/09/24 12:33:59 Respuesta POST: 404 page not found

2024/09/24 12:33:59 Memoria no tiene suficiente espacio. Proceso en espera.
2024/09/24 12:33:59 ## (1:0) Se crea el proceso - Estado: NEW
2024/09/24 12:33:59 gofdb 30 5
2024/09/24 12:33:59 Cola NEW no está vacía, proceso se encola en NEW.
2024/09/24 12:33:59 ## (2:0) Se crea el proceso - Estado: NEW
2024/09/24 12:33:59 El módulo kernel está a la escucha en el puerto :8001
2024/11/04 20:43:28 El módulo kernel está a la escucha en el puerto :8001
2024/11/26 11:07:38 Cola NEW está vacía, solicitando memoria.
2024/11/26 11:08:09 Cola NEW está vacía, solicitando memoria.
2024/11/26 11:08:09 Respuesta POST: 404 page not found

2024/11/26 11:08:09 ## (1:0) Se crea el proceso - Estado: NEW
2024/11/26 11:08:09 prueba.txt 32 0
2024/11/26 11:11:38 Cola NEW está vacía, solicitando memoria.
2024/11/26 11:11:38 Respuesta POST: 404 page not found

2024/11/26 11:11:38 ## (1:0) Se crea el proceso - Estado: NEW
2024/11/26 11:11:38 prueba.txt 32 0
2024/11/26 11:11:38 El módulo kernel está a la escucha en el puerto :8001
2024/11/26 11:12:03 Cola NEW está vacía, solicitando memoria.
2024/11/26 11:12:03 Respuesta POST: 404 page not found

2024/11/26 11:12:03 ## (1:0) Se crea el proceso - Estado: NEW
2024/11/26 11:12:03 prueba.txt 32 0
2024/11/26 11:17:58 Cola NEW está vacía, solicitando memoria.
2024/11/26 11:17:58 Respuesta POST: 404 page not found

2024/11/26 11:17:58 ## (1:0) Se crea el proceso - Estado: NEW
2024/11/26 11:17:58 prueba.txt 32 0
2024/11/27 19:30:08 Cola NEW está vacía, solicitando memoria.
2024/11/27 19:32:09 Cola NEW está vacía, solicitando memoria.
2024/11/27 19:32:09 Respuesta POST: 404 page not found

2024/11/27 19:32:09 ## (1:0) Se crea el proceso - Estado: NEW
2024/11/27 19:32:09 prueba.txt 2048 0
2024/11/27 19:58:31 Cola NEW está vacía, solicitando memoria.
2024/11/27 19:58:31 Respuesta POST: 404 page not found

2024/11/27 19:58:31 Respuesta memoria:  &{404 Not Found 404 HTTP/1.1 1 1 map[Content-Length:[19] Content-Type:[text/plain; charset=utf-8] Date:[Wed, 27 Nov 2024 22:58:31 GMT] X-Content-Type-Options:[nosniff]] 0xc0000b4380 19 [] false false map[] 0xc0000e2280 <nil>}
2024/11/27 19:58:31 ## (1:0) Se crea el proceso - Estado: NEW
2024/11/27 19:58:31 prueba.txt 2048 0
2024/11/27 20:01:29 Cola NEW está vacía, solicitando memoria.
2024/11/27 20:01:29 Respuesta POST: 404 page not found

2024/11/27 20:01:29 Respuesta memoria:  &{404 Not Found 404 HTTP/1.1 1 1 map[Content-Length:[19] Content-Type:[text/plain; charset=utf-8] Date:[Wed, 27 Nov 2024 23:01:29 GMT] X-Content-Type-Options:[nosniff]] 0xc0000980c0 19 [] false false map[] 0xc000134280 <nil>}
2024/11/27 20:01:29 ## (1:0) Se crea el proceso - Estado: NEW
2024/11/27 20:01:29 prueba.txt 2048 0
2024/11/27 20:02:32 Cola NEW está vacía, solicitando memoria.
2024/11/27 20:02:32 Respuesta POST: 
2024/11/27 20:02:32 Respuesta memoria:  &{200 OK 200 HTTP/1.1 1 1 map[Content-Length:[0] Date:[Wed, 27 Nov 2024 23:02:32 GMT]] {} 0 [] false false map[] 0xc0000e2280 <nil>}
2024/11/27 20:05:35 Cola NEW está vacía, solicitando memoria.
2024/11/27 20:05:35 Respuesta POST: 200 OK
2024/11/27 20:05:35 Respuesta memoria:  &{200 OK 200 HTTP/1.1 1 1 map[Content-Length:[0] Date:[Wed, 27 Nov 2024 23:05:35 GMT]] {} 0 [] false false map[] 0xc000134280 <nil>}
2024/11/27 20:06:15 Cola NEW está vacía, solicitando memoria.
2024/11/27 20:06:15 Respuesta POST: 200 OK
2024/11/27 20:07:06 Cola NEW está vacía, solicitando memoria.
2024/11/27 20:07:06 Respuesta POST: 200 OK
2024/11/27 20:07:06 true
2024/11/27 20:07:26 Cola NEW está vacía, solicitando memoria.
2024/11/27 20:07:26 Respuesta POST: 200 OK
2024/11/27 20:07:26 Proceso creado y movido a READY
2024/11/27 20:08:55 Cola NEW está vacía, solicitando memoria.
2024/11/27 20:08:55 Respuesta POST: 200 OK
2024/11/27 20:13:39 Cola NEW está vacía, solicitando memoria.
2024/11/27 20:13:39 Respuesta POST: 200 OK
2024/11/27 20:13:39 ## (1:0) Se crea el Hilo - Estado: READY
2024/11/27 20:13:39 Proceso creado y movido a READY
2024/11/27 20:13:39 ## (1:0) Se crea el proceso - Estado: NEW
2024/11/27 20:13:39 prueba.txt 2048 0
2024/11/27 20:13:39 El módulo kernel está a la escucha en el puerto :8001
2024/11/27 20:13:39 Respuesta POST: 404 Not Found
2024/11/27 20:15:56 ## (1:0) Se crea el proceso - Estado: NEW
2024/11/27 20:15:56 Cola NEW está vacía, solicitando memoria.
2024/11/27 20:15:56 Respuesta POST: 200 OK
2024/11/27 20:15:56 ## (1:0) Se crea el Hilo - Estado: READY
2024/11/27 20:15:56 Proceso 1 movido a READY
2024/11/27 20:15:56 prueba.txt 2048 0
2024/11/27 20:15:56 Respuesta POST: 404 Not Found
2024/11/27 20:15:56 El módulo kernel está a la escucha en el puerto :8001
2024/11/27 20:17:33 ## (1:0) Se crea el proceso - Estado: NEW
2024/11/27 20:17:33 Cola NEW está vacía, solicitando memoria.
2024/11/27 20:17:33 Respuesta POST: 200 OK
2024/11/27 20:24:15 ## (1:0) Se crea el proceso - Estado: NEW
2024/11/27 20:24:15 Cola NEW está vacía, solicitando memoria.
2024/11/27 20:24:15 Respuesta POST: 200 OK
2024/11/27 20:24:15 ## (1:0) Se crea el Hilo - Estado: READY
2024/11/27 20:24:15 Proceso 1 movido a READY
2024/11/27 20:24:15 prueba.txt 2048 0
2024/11/27 20:24:15 Respuesta POST: 404 Not Found
2024/11/27 20:24:15 El módulo kernel está a la escucha en el puerto :8001
2024/11/27 20:30:51 ## (1:0) Se crea el proceso - Estado: NEW
2024/11/27 20:30:51 Cola NEW está vacía, solicitando memoria.
2024/11/27 20:30:51 Respuesta POST: 200 OK
2024/11/27 20:30:51 ## (1:0) Se crea el Hilo - Estado: READY
2024/11/27 20:30:51 Proceso 1 movido a READY
2024/11/27 20:30:51 prueba.txt 2048 0
2024/11/27 20:30:51 El módulo kernel está a la escucha en el puerto :8001
2024/11/27 20:32:51 ## (1:0) Se crea el proceso - Estado: NEW
2024/11/27 20:32:51 Cola NEW está vacía, solicitando memoria.
2024/11/27 20:32:51 Respuesta POST: 200 OK
2024/11/27 20:32:51 ## (1:0) Se crea el Hilo - Estado: READY
2024/11/27 20:32:51 Proceso 1 movido a READY
2024/11/27 20:32:51 El módulo kernel está a la escucha en el puerto :8001
2024/11/27 21:09:12 ## (1:0) Se crea el proceso - Estado: NEW
2024/11/27 21:09:12 Cola NEW está vacía, solicitando memoria.
2024/11/27 21:09:12 Respuesta POST: 200 OK
2024/11/27 21:09:12 ## (1:0) Se crea el Hilo - Estado: READY
2024/11/27 21:09:12 Proceso 1 movido a READY
2024/11/27 21:09:12 El módulo kernel está a la escucha en el puerto :8001
2024/11/27 21:09:12 Respuesta POST: 404 Not Found
2024/11/30 18:09:51 ## (1:0) Se crea el proceso - Estado: NEW
2024/11/30 18:09:51 Cola NEW está vacía, solicitando memoria.
2024/11/30 18:09:51 Respuesta POST: 500 Internal Server Error
2024/11/30 18:12:09 ## (1:0) Se crea el proceso - Estado: NEW
2024/11/30 18:12:09 Cola NEW está vacía, solicitando memoria.
2024/11/30 18:12:09 Respuesta POST: 500 Internal Server Error
2024/11/30 18:12:09 CPU libre
2024/11/30 18:12:52 ## (1:0) Se crea el proceso - Estado: NEW
2024/11/30 18:12:52 Cola NEW está vacía, solicitando memoria.
2024/11/30 18:12:52 Respuesta POST: 500 Internal Server Error
2024/11/30 18:13:14 ## (1:0) Se crea el proceso - Estado: NEW
2024/11/30 18:13:14 Cola NEW está vacía, solicitando memoria.
2024/11/30 18:13:14 Respuesta POST: 500 Internal Server Error
2024/11/30 18:13:14 []
2024/11/30 18:16:20 ## (1:0) Se crea el proceso - Estado: NEW
2024/11/30 18:16:20 Cola NEW está vacía, solicitando memoria.
2024/11/30 18:16:20 Respuesta POST: 500 Internal Server Error
2024/11/30 18:16:20 []
2024/11/30 18:16:33 ## (1:0) Se crea el proceso - Estado: NEW
2024/11/30 18:16:33 Cola NEW está vacía, solicitando memoria.
2024/11/30 18:16:33 Respuesta POST: 200 OK
2024/11/30 18:16:33 Respuesta POST: 500 Internal Server Error
2024/11/30 18:16:33 Hilo main movido a READY
2024/11/30 18:16:33 [0xc0000000c0]
2024/11/30 18:16:33 El módulo kernel está a la escucha en el puerto :8001
2024/11/30 18:16:33 Respuesta POST: 404 Not Found
2024/11/30 18:17:46 ## (1:0) Se crea el proceso - Estado: NEW
2024/11/30 18:17:46 Cola NEW está vacía, solicitando memoria.
2024/11/30 18:17:46 Respuesta POST: 200 OK
2024/11/30 18:17:46 Respuesta POST: 500 Internal Server Error
2024/11/30 18:17:46 Hilo main movido a READY
2024/11/30 18:17:46 1
2024/11/30 18:17:46 Respuesta POST: 404 Not Found
2024/11/30 18:17:46 El módulo kernel está a la escucha en el puerto :8001
2024/11/30 18:21:51 ## (1:0) Se crea el proceso - Estado: NEW
2024/11/30 18:21:51 Cola NEW está vacía, solicitando memoria.
2024/11/30 18:21:51 Respuesta POST: 200 OK
2024/11/30 18:21:51 Respuesta POST: 500 Internal Server Error
2024/11/30 18:21:51 Hilo main movido a READY
2024/11/30 18:21:51 0
2024/11/30 18:21:51 El módulo kernel está a la escucha en el puerto :8001
2024/11/30 18:21:51 Respuesta POST: 404 Not Found
2024/11/30 18:25:44 ## (1:0) Se crea el proceso - Estado: NEW
2024/11/30 18:25:44 Cola NEW está vacía, solicitando memoria.
2024/11/30 18:25:44 Respuesta POST: 200 OK
2024/11/30 18:25:44 Respuesta POST: 500 Internal Server Error
2024/11/30 18:25:44 ## Error al crear el hilo (1:0)
2024/11/30 18:25:44 0
2024/11/30 18:25:44 El módulo kernel está a la escucha en el puerto :8001
2024/11/30 18:25:44 Respuesta POST: 404 Not Found
2024/11/30 18:29:05 ## (1:0) Se crea el proceso - Estado: NEW
2024/11/30 18:29:05 Cola NEW está vacía, solicitando memoria.
2024/11/30 18:29:05 Respuesta POST: 200 OK
2024/11/30 18:29:56 ## (1:0) Se crea el proceso - Estado: NEW
2024/11/30 18:29:56 Cola NEW está vacía, solicitando memoria.
2024/11/30 18:29:56 Respuesta POST: 200 OK
2024/11/30 18:29:56 Respuesta POST: 500 Internal Server Error
2024/11/30 18:29:56 Hilo main movido a READY
2024/11/30 18:31:03 ## (1:0) Se crea el proceso - Estado: NEW
2024/11/30 18:31:03 Cola NEW está vacía, solicitando memoria.
2024/11/30 18:31:03 Respuesta POST: 200 OK
2024/11/30 18:33:36 ## (1:0) Se crea el proceso - Estado: NEW
2024/11/30 18:33:36 Cola NEW está vacía, solicitando memoria.
2024/11/30 18:33:36 Respuesta POST: 200 OK
2024/11/30 18:33:36 aca estamos
2024/11/30 18:39:44 ## (1:0) Se crea el proceso - Estado: NEW
2024/11/30 18:39:44 Cola NEW está vacía, solicitando memoria.
2024/11/30 18:39:44 Respuesta POST: 200 OK
2024/11/30 18:42:14 ## (1:0) Se crea el proceso - Estado: NEW
2024/11/30 18:42:14 Cola NEW está vacía, solicitando memoria.
2024/11/30 18:42:14 Respuesta POST: 200 OK
2024/11/30 18:52:57 ## (1:0) Se crea el proceso - Estado: NEW
2024/11/30 18:52:57 Cola NEW está vacía, solicitando memoria.
2024/11/30 18:52:57 Respuesta POST: 200 OK
2024/11/30 19:52:04 ## (1:0) Se crea el proceso - Estado: NEW
2024/11/30 19:52:04 Cola NEW está vacía, solicitando memoria.
2024/11/30 19:52:04 Respuesta POST: 200 OK
2024/11/30 19:53:34 ## (1:0) Se crea el proceso - Estado: NEW
2024/11/30 19:53:34 Cola NEW está vacía, solicitando memoria.
2024/11/30 19:53:34 Respuesta POST: 200 OK
2024/11/30 19:57:25 ## (1:0) Se crea el proceso - Estado: NEW
2024/11/30 19:57:25 Cola NEW está vacía, solicitando memoria.
2024/11/30 19:57:25 Respuesta POST: 200 OK
2024/11/30 19:57:25 Respuesta POST: 200 OK
2024/11/30 20:00:18 ## (1:0) Se crea el proceso - Estado: NEW
2024/11/30 20:00:18 Cola NEW está vacía, solicitando memoria.
2024/11/30 20:00:18 Respuesta POST: 200 OK
2024/11/30 20:00:18 Respuesta POST: 200 OK
2024/11/30 20:02:30 ## (1:0) Se crea el proceso - Estado: NEW
2024/11/30 20:02:30 Cola NEW está vacía, solicitando memoria.
2024/11/30 20:02:30 Respuesta POST: 200 OK
2024/11/30 20:02:30 Respuesta POST: 200 OK
2024/11/30 20:05:33 ## (1:0) Se crea el proceso - Estado: NEW
2024/11/30 20:05:33 Cola NEW está vacía, solicitando memoria.
2024/11/30 20:05:33 Respuesta POST: 200 OK
2024/11/30 20:05:33 Respuesta POST: 200 OK
2024/12/01 10:33:23 ## (1:0) Se crea el proceso - Estado: NEW
2024/12/01 10:33:23 Cola NEW está vacía, solicitando memoria.
2024/12/01 10:33:23 Respuesta POST: 200 OK
2024/12/01 10:33:23 Respuesta POST: 200 OK
2024/12/01 10:35:39 ## (1:0) Se crea el proceso - Estado: NEW
2024/12/01 10:35:39 Cola NEW está vacía, solicitando memoria.
2024/12/01 10:35:39 Respuesta POST: 200 OK
2024/12/01 10:35:39 Respuesta POST: 200 OK
2024/12/01 10:46:54 ## (1:0) Se crea el proceso - Estado: NEW
2024/12/01 10:46:54 Cola NEW está vacía, solicitando memoria.
2024/12/01 10:46:54 Respuesta POST: 200 OK
2024/12/01 10:46:54 Respuesta POST: 200 OK
2024/12/01 10:47:52 ## (1:0) Se crea el proceso - Estado: NEW
2024/12/01 10:47:52 Cola NEW está vacía, solicitando memoria.
2024/12/01 10:47:52 Respuesta POST: 200 OK
2024/12/01 10:47:52 Respuesta POST: 200 OK
2024/12/01 10:48:46 ## (1:0) Se crea el proceso - Estado: NEW
2024/12/01 10:48:46 Cola NEW está vacía, solicitando memoria.
2024/12/01 10:48:46 Respuesta POST: 200 OK
2024/12/01 10:48:46 Respuesta POST: 200 OK
2024/12/01 10:49:11 ## (1:0) Se crea el proceso - Estado: NEW
2024/12/01 10:49:11 Cola NEW está vacía, solicitando memoria.
2024/12/01 10:49:11 Respuesta POST: 200 OK
2024/12/01 10:49:11 Respuesta POST: 200 OK
2024/12/01 10:49:44 ## (1:0) Se crea el proceso - Estado: NEW
2024/12/01 10:49:44 Cola NEW está vacía, solicitando memoria.
2024/12/01 10:49:45 Respuesta POST: 200 OK
2024/12/01 10:49:45 Respuesta POST: 200 OK
2024/12/01 10:50:29 ## (1:0) Se crea el proceso - Estado: NEW
2024/12/01 10:50:29 Cola NEW está vacía, solicitando memoria.
2024/12/01 10:50:29 Respuesta POST: 200 OK
2024/12/01 10:50:29 Respuesta POST: 200 OK
2024/12/01 10:50:59 ## (1:0) Se crea el proceso - Estado: NEW
2024/12/01 10:50:59 Cola NEW está vacía, solicitando memoria.
2024/12/01 10:50:59 Respuesta POST: 200 OK
2024/12/01 10:50:59 Respuesta POST: 200 OK
2024/12/01 10:51:48 ## (1:0) Se crea el proceso - Estado: NEW
2024/12/01 10:51:48 Cola NEW está vacía, solicitando memoria.
2024/12/01 10:51:48 Respuesta POST: 200 OK
2024/12/01 10:51:48 Respuesta POST: 200 OK
2024/12/01 10:52:48 ## (1:0) Se crea el proceso - Estado: NEW
2024/12/01 10:52:48 Cola NEW está vacía, solicitando memoria.
2024/12/01 10:52:48 Respuesta POST: 200 OK
2024/12/01 10:52:48 Respuesta POST: 200 OK
2024/12/01 10:54:27 ## (1:0) Se crea el proceso - Estado: NEW
2024/12/01 10:54:27 Cola NEW está vacía, solicitando memoria.
2024/12/01 10:54:27 Respuesta POST: 200 OK
2024/12/01 10:54:27 Respuesta POST: 200 OK
2024/12/01 10:55:31 ## (1:0) Se crea el proceso - Estado: NEW
2024/12/01 10:55:31 Cola NEW está vacía, solicitando memoria.
2024/12/01 10:55:31 Respuesta POST: 200 OK
2024/12/01 10:55:31 Respuesta POST: 200 OK
2024/12/01 10:56:36 ## (1:0) Se crea el proceso - Estado: NEW
2024/12/01 10:56:36 Cola NEW está vacía, solicitando memoria.
2024/12/01 10:56:36 Respuesta POST: 200 OK
2024/12/01 10:56:36 Respuesta POST: 200 OK
2024/12/01 10:56:36 hola
2024/12/01 10:57:05 ## (1:0) Se crea el proceso - Estado: NEW
2024/12/01 10:57:05 Cola NEW está vacía, solicitando memoria.
2024/12/01 10:57:05 Respuesta POST: 200 OK
2024/12/01 10:57:05 Respuesta POST: 200 OK
2024/12/01 10:57:17 ## (1:0) Se crea el proceso - Estado: NEW
2024/12/01 10:57:17 Cola NEW está vacía, solicitando memoria.
2024/12/01 10:57:17 Respuesta POST: 200 OK
2024/12/01 10:57:17 Respuesta POST: 200 OK
2024/12/01 10:57:17 gola
2024/12/01 10:57:17 ## (1:0) Se crea el Hilo - Estado: READY
2024/12/01 10:57:17 Hilo main movido a READY
2024/12/01 10:57:17 Proceso creado.
2024/12/01 10:58:40 ## (1:0) Se crea el proceso - Estado: NEW
2024/12/01 10:58:40 Cola NEW está vacía, solicitando memoria.
2024/12/01 10:58:40 Respuesta POST: 200 OK
2024/12/01 10:58:40 Respuesta POST: 200 OK
2024/12/01 10:58:40 gola
2024/12/01 10:58:40 ## (1:0) Se crea el Hilo - Estado: READY
2024/12/01 10:58:40 Hilo main movido a READY
2024/12/01 10:58:40 Proceso creado.
2024/12/01 10:59:02 ## (1:0) Se crea el proceso - Estado: NEW
2024/12/01 10:59:02 Cola NEW está vacía, solicitando memoria.
2024/12/01 10:59:02 Respuesta POST: 200 OK
2024/12/01 10:59:02 Respuesta POST: 200 OK
2024/12/01 10:59:02 gola
2024/12/01 10:59:02 ## (1:0) Se crea el Hilo - Estado: READY
2024/12/01 10:59:02 Hilo main movido a READY
2024/12/01 10:59:02 Proceso creado.
2024/12/01 10:59:02 Manejando cola de ready
2024/12/01 11:01:28 cpu ok
2024/12/01 11:01:28 ## (1:0) Se crea el proceso - Estado: NEW
2024/12/01 11:01:28 Cola NEW está vacía, solicitando memoria.
2024/12/01 11:07:00 ## (1:0) Se crea el proceso - Estado: NEW
2024/12/01 11:07:00 Cola NEW está vacía, solicitando memoria.
2024/12/01 11:07:00 Respuesta POST: 200 OK
2024/12/01 11:07:00 Respuesta POST: 200 OK
2024/12/01 11:07:00 gola
2024/12/01 11:07:00 ## (1:0) Se crea el Hilo - Estado: READY
2024/12/01 11:07:00 Hilo main movido a READY
2024/12/01 11:07:00 Proceso creado.
2024/12/01 11:18:43 ## (1:0) Se crea el proceso - Estado: NEW
2024/12/01 11:18:43 Cola NEW está vacía, solicitando memoria.
2024/12/01 11:18:43 Respuesta POST: 200 OK
2024/12/01 11:18:43 Respuesta POST: 200 OK
2024/12/01 11:18:43 gola
2024/12/01 11:18:43 ## (1:0) Se crea el Hilo - Estado: READY
2024/12/01 11:18:43 Hilo main movido a READY
2024/12/01 11:18:43 Proceso creado.
2024/12/01 11:19:57 ## (1:0) Se crea el proceso - Estado: NEW
2024/12/01 11:19:57 Cola NEW está vacía, solicitando memoria.
2024/12/01 11:19:57 Respuesta POST: 200 OK
2024/12/01 11:19:57 Respuesta POST: 200 OK
2024/12/01 11:19:57 gola
2024/12/01 11:19:57 ## (1:0) Se crea el Hilo - Estado: READY
2024/12/01 11:19:57 Hilo main movido a READY
2024/12/01 11:19:57 Proceso creado.
2024/12/01 11:23:18 ## (1:0) Se crea el proceso - Estado: NEW
2024/12/01 11:23:18 Cola NEW está vacía, solicitando memoria.
2024/12/01 11:23:18 Respuesta POST: 200 OK
2024/12/01 11:23:18 Respuesta POST: 200 OK
2024/12/01 11:23:18 gola
2024/12/01 11:23:18 ## (1:0) Se crea el Hilo - Estado: READY
2024/12/01 11:23:18 Hilo main movido a READY
2024/12/01 11:23:18 Proceso creado.
2024/12/01 11:24:53 ## (1:0) Se crea el proceso - Estado: NEW
2024/12/01 11:24:53 Cola NEW está vacía, solicitando memoria.
2024/12/01 11:24:53 Respuesta POST: 200 OK
2024/12/01 11:24:53 Respuesta POST: 200 OK
2024/12/01 11:24:53 gola
2024/12/01 11:24:53 ## (1:0) Se crea el Hilo - Estado: READY
2024/12/01 11:24:53 Hilo main movido a READY
2024/12/01 11:24:53 Proceso creado.
2024/12/01 11:28:43 ## (1:0) Se crea el proceso - Estado: NEW
2024/12/01 11:28:43 Cola NEW está vacía, solicitando memoria.
2024/12/01 11:28:43 Respuesta POST: 200 OK
2024/12/01 11:28:43 Respuesta POST: 200 OK
2024/12/01 11:28:43 gola
2024/12/01 11:28:43 ## (1:0) Se crea el Hilo - Estado: READY
2024/12/01 11:28:43 Hilo main movido a READY
2024/12/01 11:28:43 Proceso creado.
2024/12/01 11:31:09 ## (1:0) Se crea el proceso - Estado: NEW
2024/12/01 11:31:09 Cola NEW está vacía, solicitando memoria.
2024/12/01 11:31:09 Respuesta POST: 200 OK
2024/12/01 11:31:09 Respuesta POST: 200 OK
2024/12/01 11:31:09 gola
2024/12/01 11:31:09 ## (1:0) Se crea el Hilo - Estado: READY
2024/12/01 11:31:09 Hilo main movido a READY
2024/12/01 11:31:09 Proceso creado.
2024/12/01 11:31:09 hola
2024/12/01 11:32:40 ## (1:0) Se crea el proceso - Estado: NEW
2024/12/01 11:32:40 Cola NEW está vacía, solicitando memoria.
2024/12/01 11:32:40 Respuesta POST: 200 OK
2024/12/01 11:32:40 Respuesta POST: 200 OK
2024/12/01 11:32:40 ## (1:0) Se crea el Hilo - Estado: READY
2024/12/01 11:32:40 Hilo main movido a READY
2024/12/01 11:32:40 Proceso creado.
2024/12/01 11:32:40 hola
2024/12/01 11:34:34 ## (1:0) Se crea el proceso - Estado: NEW
2024/12/01 11:34:34 Cola NEW está vacía, solicitando memoria.
2024/12/01 11:34:34 Respuesta POST: 200 OK
2024/12/01 11:34:34 Respuesta POST: 200 OK
2024/12/01 11:34:34 ## (1:0) Se crea el Hilo - Estado: READY
2024/12/01 11:34:34 Hilo main movido a READY
2024/12/01 11:34:34 Proceso creado.
2024/12/01 11:36:06 ## (1:0) Se crea el proceso - Estado: NEW
2024/12/01 11:36:06 Cola NEW está vacía, solicitando memoria.
2024/12/01 11:36:06 Respuesta POST: 200 OK
2024/12/01 11:36:06 Respuesta POST: 200 OK
2024/12/01 11:36:06 ## (1:0) Se crea el Hilo - Estado: READY
2024/12/01 11:36:06 Hilo main movido a READY
2024/12/01 11:36:06 Proceso creado.
2024/12/01 11:36:34 ## (1:0) Se crea el proceso - Estado: NEW
2024/12/01 11:36:34 Cola NEW está vacía, solicitando memoria.
2024/12/01 11:36:34 Respuesta POST: 200 OK
2024/12/01 11:36:34 Respuesta POST: 200 OK
2024/12/01 11:36:34 ## (1:0) Se crea el Hilo - Estado: READY
2024/12/01 11:36:34 Hilo main movido a READY
2024/12/01 11:36:34 Proceso creado.
2024/12/01 11:38:17 ## (1:0) Se crea el proceso - Estado: NEW
2024/12/01 11:38:17 Cola NEW está vacía, solicitando memoria.
2024/12/01 11:38:17 Respuesta POST: 500 Internal Server Error
2024/12/01 11:38:17 Proceso creado.
2024/12/01 11:38:17 CPU libre
2024/12/01 11:38:28 ## (1:0) Se crea el proceso - Estado: NEW
2024/12/01 11:38:28 Cola NEW está vacía, solicitando memoria.
2024/12/01 11:38:28 Respuesta POST: 200 OK
2024/12/01 11:38:28 Respuesta POST: 200 OK
2024/12/01 11:38:28 ## (1:0) Se crea el Hilo - Estado: READY
2024/12/01 11:38:28 Hilo main movido a READY
2024/12/01 11:38:28 Proceso creado.
2024/12/01 11:38:28 CPU libre
2024/12/01 11:38:49 ## (1:0) Se crea el proceso - Estado: NEW
2024/12/01 11:38:49 Cola NEW está vacía, solicitando memoria.
2024/12/01 11:38:49 Respuesta POST: 200 OK
2024/12/01 11:38:49 Respuesta POST: 200 OK
2024/12/01 11:38:49 ## (1:0) Se crea el Hilo - Estado: READY
2024/12/01 11:38:49 Hilo main movido a READY
2024/12/01 11:38:49 Proceso creado.
2024/12/01 11:38:49 CPU libre
2024/12/01 11:39:19 ## (1:0) Se crea el proceso - Estado: NEW
2024/12/01 11:39:19 Cola NEW está vacía, solicitando memoria.
2024/12/01 11:39:19 Respuesta POST: 200 OK
2024/12/01 11:39:19 Respuesta POST: 200 OK
2024/12/01 11:39:19 ## (1:0) Se crea el Hilo - Estado: READY
2024/12/01 11:39:19 Hilo main movido a READY
2024/12/01 11:39:19 Proceso creado.
2024/12/01 11:39:48 ## (1:0) Se crea el proceso - Estado: NEW
2024/12/01 11:39:48 Cola NEW está vacía, solicitando memoria.
2024/12/01 11:39:48 Respuesta POST: 200 OK
2024/12/01 11:39:48 Respuesta POST: 200 OK
2024/12/01 11:39:48 ## (1:0) Se crea el Hilo - Estado: READY
2024/12/01 11:39:48 Hilo main movido a READY
2024/12/01 11:39:48 Proceso creado.
2024/12/01 11:39:48 Planificando hilo
2024/12/01 11:42:56 ## (1:0) Se crea el proceso - Estado: NEW
2024/12/01 11:42:56 Cola NEW está vacía, solicitando memoria.
2024/12/01 11:42:56 Respuesta POST: 200 OK
2024/12/01 11:42:56 Respuesta POST: 200 OK
2024/12/01 11:42:56 ## (1:0) Se crea el Hilo - Estado: READY
2024/12/01 11:42:56 Hilo main movido a READY
2024/12/01 11:42:56 Proceso creado.
2024/12/01 11:43:28 ## (1:0) Se crea el proceso - Estado: NEW
2024/12/01 11:43:28 Cola NEW está vacía, solicitando memoria.
2024/12/01 11:43:28 Respuesta POST: 200 OK
2024/12/01 11:43:28 Respuesta POST: 200 OK
2024/12/01 11:43:28 ## (1:0) Se crea el Hilo - Estado: READY
2024/12/01 11:43:28 Hilo main movido a READY
2024/12/01 11:43:28 Proceso creado.
2024/12/01 11:44:40 ## (1:0) Se crea el proceso - Estado: NEW
2024/12/01 11:44:40 Cola NEW está vacía, solicitando memoria.
2024/12/01 11:44:40 Respuesta POST: 200 OK
2024/12/01 11:44:40 Respuesta POST: 200 OK
2024/12/01 11:44:40 ## (1:0) Se crea el Hilo - Estado: READY
2024/12/01 11:44:40 Hilo main movido a READY
2024/12/01 11:44:40 Proceso creado.
2024/12/01 11:44:40 El módulo kernel está a la escucha en el puerto :8001
2024/12/01 11:53:24 ## (1:0) Se crea el proceso - Estado: NEW
2024/12/01 11:53:24 Cola NEW está vacía, solicitando memoria.
2024/12/01 11:53:24 Respuesta POST: 200 OK
2024/12/01 11:53:24 Respuesta POST: 200 OK
2024/12/01 11:53:24 ## (1:0) Se crea el Hilo - Estado: READY
2024/12/01 11:53:24 Hilo main movido a READY
2024/12/01 11:53:24 Proceso creado.
2024/12/01 11:53:24 El módulo kernel está a la escucha en el puerto :8001
2024/12/01 11:53:24 Respuesta POST: 200 OK
2024/12/01 11:56:30 ## (1:0) Se crea el proceso - Estado: NEW
2024/12/01 11:56:30 Cola NEW está vacía, solicitando memoria.
2024/12/01 11:56:30 Respuesta POST: 200 OK
2024/12/01 11:56:30 Respuesta POST: 200 OK
2024/12/01 11:56:30 ## (1:0) Se crea el Hilo - Estado: READY
2024/12/01 11:56:30 Hilo main movido a READY
2024/12/01 11:56:30 Proceso creado.
2024/12/01 11:56:30 El módulo kernel está a la escucha en el puerto :8001
2024/12/01 11:56:30 Respuesta POST: 200 OK
2024/12/01 12:03:13 ## (1:0) Se crea el proceso - Estado: NEW
2024/12/01 12:03:13 Cola NEW está vacía, solicitando memoria.
2024/12/01 12:03:13 Respuesta POST: 200 OK
2024/12/01 12:03:13 Respuesta POST: 200 OK
2024/12/01 12:03:13 ## (1:0) Se crea el Hilo - Estado: READY
2024/12/01 12:03:13 Hilo main movido a READY
2024/12/01 12:03:13 Proceso creado.
2024/12/01 12:03:13 El módulo kernel está a la escucha en el puerto :8001
2024/12/01 12:03:13 Respuesta POST: 200 OK
2024/12/01 12:09:56 ## (1:0) Se crea el proceso - Estado: NEW
2024/12/01 12:09:56 Cola NEW está vacía, solicitando memoria.
2024/12/01 12:09:56 Respuesta POST: 200 OK
2024/12/01 12:09:56 Respuesta POST: 200 OK
2024/12/01 12:09:56 ## (1:0) Se crea el Hilo - Estado: READY
2024/12/01 12:09:56 Hilo main movido a READY
2024/12/01 12:09:56 Proceso creado.
2024/12/01 12:09:56 El módulo kernel está a la escucha en el puerto :8001
2024/12/01 12:09:56 Respuesta POST: 200 OK
2024/12/02 11:13:20 ## (1:0) Se crea el proceso - Estado: NEW
2024/12/02 11:13:20 Cola NEW está vacía, solicitando memoria.
2024/12/02 11:13:20 Respuesta POST: 200 OK
2024/12/02 11:13:20 Respuesta POST: 200 OK
2024/12/02 11:13:20 ## (1:0) Se crea el Hilo - Estado: READY
2024/12/02 11:13:20 Hilo main movido a READY
2024/12/02 11:13:20 Proceso creado.
2024/12/02 11:13:20 El módulo kernel está a la escucha en el puerto :8001
2024/12/02 11:13:20 Respuesta POST: 200 OK
2024/12/02 11:16:49 ## (1:0) Se crea el proceso - Estado: NEW
2024/12/02 11:16:49 Cola NEW está vacía, solicitando memoria.
2024/12/02 11:16:49 Respuesta POST: 200 OK
2024/12/02 11:16:49 Respuesta POST: 200 OK
2024/12/02 11:16:49 ## (1:0) Se crea el Hilo - Estado: READY
2024/12/02 11:16:49 Hilo main movido a READY
2024/12/02 11:16:49 Proceso creado.
2024/12/02 11:16:49 El módulo kernel está a la escucha en el puerto :8001
2024/12/02 11:16:49 Respuesta POST: 200 OK
2024/12/02 11:27:01 ## (1:0) Se crea el proceso - Estado: NEW
2024/12/02 11:27:01 Cola NEW está vacía, solicitando memoria.
2024/12/02 11:27:01 Respuesta POST: 200 OK
2024/12/02 11:27:01 Respuesta POST: 200 OK
2024/12/02 11:27:01 ## (1:0) Se crea el Hilo - Estado: READY
2024/12/02 11:27:01 Hilo main movido a READY
2024/12/02 11:27:01 Proceso creado.
2024/12/02 11:27:01 El módulo kernel está a la escucha en el puerto :8001
2024/12/02 11:27:01 Respuesta POST: 200 OK
2024/12/02 11:43:40 ## (1:0) Se crea el proceso - Estado: NEW
2024/12/02 11:43:40 Cola NEW está vacía, solicitando memoria.
2024/12/02 11:43:40 Respuesta POST: 200 OK
2024/12/02 11:43:40 Respuesta POST: 200 OK
2024/12/02 11:43:40 ## (1:0) Se crea el Hilo - Estado: READY
2024/12/02 11:43:40 Hilo main movido a READY
2024/12/02 11:43:40 Proceso creado.
2024/12/02 11:43:40 El módulo kernel está a la escucha en el puerto :8001
2024/12/02 11:43:40 Respuesta POST: 200 OK
2024/12/02 11:44:15 ## (1:0) Se crea el proceso - Estado: NEW
2024/12/02 11:44:15 Cola NEW está vacía, solicitando memoria.
2024/12/02 11:44:15 Respuesta POST: 200 OK
2024/12/02 11:44:15 Respuesta POST: 200 OK
2024/12/02 11:44:15 ## (1:0) Se crea el Hilo - Estado: READY
2024/12/02 11:44:15 Hilo main movido a READY
2024/12/02 11:44:15 Proceso creado.
2024/12/02 11:44:15 El módulo kernel está a la escucha en el puerto :8001
2024/12/02 11:44:15 Respuesta POST: 200 OK
2024/12/02 12:47:55 ## (1:0) Se crea el proceso - Estado: NEW
2024/12/02 12:47:55 Cola NEW está vacía, solicitando memoria.
2024/12/02 12:47:55 Respuesta POST: 200 OK
2024/12/02 12:47:55 Respuesta POST: 200 OK
2024/12/02 12:47:55 ## (1:0) Se crea el Hilo - Estado: READY
2024/12/02 12:47:55 Hilo main movido a READY
2024/12/02 12:47:55 Proceso creado.
2024/12/02 12:47:55 El módulo kernel está a la escucha en el puerto :8001
2024/12/02 12:47:55 Respuesta POST: 200 OK
2024/12/02 12:49:55 ## (1:0) Se crea el proceso - Estado: NEW
2024/12/02 12:49:55 Cola NEW está vacía, solicitando memoria.
2024/12/02 12:49:55 Respuesta POST: 200 OK
2024/12/02 12:49:55 Respuesta POST: 200 OK
2024/12/02 12:49:55 ## (1:0) Se crea el Hilo - Estado: READY
2024/12/02 12:49:55 Hilo main movido a READY
2024/12/02 12:49:55 Proceso creado.
2024/12/02 12:49:55 El módulo kernel está a la escucha en el puerto :8001
2024/12/02 12:49:55 Respuesta POST: 200 OK
2024/12/02 12:51:02 ## (1:0) Se crea el proceso - Estado: NEW
2024/12/02 12:51:02 Cola NEW está vacía, solicitando memoria.
2024/12/02 12:51:02 Respuesta POST: 200 OK
2024/12/02 12:51:02 Respuesta POST: 200 OK
2024/12/02 12:51:02 ## (1:0) Se crea el Hilo - Estado: READY
2024/12/02 12:51:02 Hilo main movido a READY
2024/12/02 12:51:02 Proceso creado.
2024/12/02 12:51:02 El módulo kernel está a la escucha en el puerto :8001
2024/12/02 12:51:09 ## (1:0) Se crea el proceso - Estado: NEW
2024/12/02 12:51:09 Cola NEW está vacía, solicitando memoria.
2024/12/02 12:51:09 Respuesta POST: 500 Internal Server Error
2024/12/02 12:51:09 Proceso creado.
2024/12/02 12:51:09 El módulo kernel está a la escucha en el puerto :8001
2024/12/02 12:51:18 ## (1:0) Se crea el proceso - Estado: NEW
2024/12/02 12:51:18 Cola NEW está vacía, solicitando memoria.
2024/12/02 12:51:18 Respuesta POST: 200 OK
2024/12/02 12:51:18 Respuesta POST: 200 OK
2024/12/02 12:51:18 ## (1:0) Se crea el Hilo - Estado: READY
2024/12/02 12:51:18 Hilo main movido a READY
2024/12/02 12:51:18 Proceso creado.
2024/12/02 12:51:18 El módulo kernel está a la escucha en el puerto :8001
2024/12/02 12:51:18 Respuesta POST: 200 OK
2024/12/02 12:52:14 ## (1:0) Se crea el proceso - Estado: NEW
2024/12/02 12:52:14 Cola NEW está vacía, solicitando memoria.
2024/12/02 12:52:14 Respuesta POST: 200 OK
2024/12/02 12:52:14 Respuesta POST: 200 OK
2024/12/02 12:52:14 ## (1:0) Se crea el Hilo - Estado: READY
2024/12/02 12:52:14 Hilo main movido a READY
2024/12/02 12:52:14 Proceso creado.
2024/12/02 12:52:14 El módulo kernel está a la escucha en el puerto :8001
2024/12/02 12:52:32 ## (1:0) Se crea el proceso - Estado: NEW
2024/12/02 12:52:32 Cola NEW está vacía, solicitando memoria.
2024/12/02 12:52:32 Respuesta POST: 200 OK
2024/12/02 12:52:32 Respuesta POST: 200 OK
2024/12/02 12:52:32 ## (1:0) Se crea el Hilo - Estado: READY
2024/12/02 12:52:32 Hilo main movido a READY
2024/12/02 12:52:32 Proceso creado.
2024/12/02 12:52:32 El módulo kernel está a la escucha en el puerto :8001
2024/12/02 12:52:32 Respuesta POST: 200 OK
2024/12/02 12:54:21 ## (1:0) Se crea el proceso - Estado: NEW
2024/12/02 12:54:21 Cola NEW está vacía, solicitando memoria.
2024/12/02 12:54:21 Respuesta POST: 200 OK
2024/12/02 12:54:21 Respuesta POST: 200 OK
2024/12/02 12:54:21 ## (1:0) Se crea el Hilo - Estado: READY
2024/12/02 12:54:21 Hilo main movido a READY
2024/12/02 12:54:21 Proceso creado.
2024/12/02 12:54:21 El módulo kernel está a la escucha en el puerto :8001
2024/12/02 12:54:21 Respuesta POST: 200 OK
2024/12/02 13:04:11 ## (1:0) Se crea el proceso - Estado: NEW
2024/12/02 13:04:11 Cola NEW está vacía, solicitando memoria.
2024/12/02 13:04:11 Respuesta POST: 200 OK
2024/12/02 13:04:11 Respuesta POST: 200 OK
2024/12/02 13:04:11 ## (1:0) Se crea el Hilo - Estado: READY
2024/12/02 13:04:11 Hilo main movido a READY
2024/12/02 13:04:11 Proceso creado.
2024/12/02 13:04:11 El módulo kernel está a la escucha en el puerto :8001
2024/12/02 13:04:11 Respuesta POST: 200 OK
2024/12/02 13:15:03 ## (1:0) Se crea el proceso - Estado: NEW
2024/12/02 13:15:03 Cola NEW está vacía, solicitando memoria.
2024/12/02 13:15:03 Respuesta POST: 200 OK
2024/12/02 13:16:34 ## (1:0) Se crea el proceso - Estado: NEW
2024/12/02 13:16:34 Cola NEW está vacía, solicitando memoria.
2024/12/02 13:16:34 Respuesta POST: 200 OK
2024/12/02 13:16:34 Respuesta POST: 200 OK
2024/12/02 13:16:34 ## (1:0) Se crea el Hilo - Estado: READY
2024/12/02 13:16:34 Hilo main movido a READY
2024/12/02 13:16:34 Proceso creado.
2024/12/02 13:16:34 El módulo kernel está a la escucha en el puerto :8001
2024/12/02 13:16:34 Respuesta POST: 200 OK
2024/12/02 13:17:15 ## (1:0) Se crea el proceso - Estado: NEW
2024/12/02 13:17:15 Cola NEW está vacía, solicitando memoria.
2024/12/02 13:17:15 Respuesta POST: 200 OK
2024/12/02 13:17:15 Respuesta POST: 200 OK
2024/12/02 13:17:15 ## (1:0) Se crea el Hilo - Estado: READY
2024/12/02 13:17:15 Hilo main movido a READY
2024/12/02 13:17:15 Proceso creado.
2024/12/02 13:17:15 El módulo kernel está a la escucha en el puerto :8001
2024/12/02 13:17:15 Respuesta POST: 200 OK
2024/12/02 13:19:09 ## (1:0) Se crea el proceso - Estado: NEW
2024/12/02 13:19:09 Cola NEW está vacía, solicitando memoria.
2024/12/02 13:19:09 Respuesta POST: 200 OK
2024/12/02 13:19:09 Respuesta POST: 200 OK
2024/12/02 13:19:09 ## (1:0) Se crea el Hilo - Estado: READY
2024/12/02 13:19:09 Hilo main movido a READY
2024/12/02 13:19:09 Proceso creado.
2024/12/02 13:19:09 El módulo kernel está a la escucha en el puerto :8001
2024/12/02 13:19:09 Respuesta POST: 200 OK
2024/12/02 13:19:32 ## (1:0) Se crea el proceso - Estado: NEW
2024/12/02 13:19:32 Cola NEW está vacía, solicitando memoria.
2024/12/02 13:19:32 Respuesta POST: 200 OK
2024/12/02 13:22:08 ## (1:0) Se crea el proceso - Estado: NEW
2024/12/02 13:22:08 Cola NEW está vacía, solicitando memoria.
2024/12/02 13:22:09 Respuesta POST: 200 OK
2024/12/02 13:22:09 Respuesta POST: 200 OK
2024/12/02 13:22:09 ## (1:0) Se crea el Hilo - Estado: READY
2024/12/02 13:22:09 Hilo main movido a READY
2024/12/02 13:22:09 Proceso creado.
2024/12/02 13:22:09 El módulo kernel está a la escucha en el puerto :8001
2024/12/02 13:22:09 Respuesta POST: 200 OK
2024/12/02 13:24:43 ## (1:0) Se crea el proceso - Estado: NEW
2024/12/02 13:24:43 Cola NEW está vacía, solicitando memoria.
2024/12/02 13:24:43 Respuesta POST: 200 OK
2024/12/02 13:24:43 Respuesta POST: 200 OK
2024/12/02 13:24:43 ## (1:0) Se crea el Hilo - Estado: READY
2024/12/02 13:24:43 Hilo main movido a READY
2024/12/02 13:24:43 El módulo kernel está a la escucha en el puerto :8001
2024/12/02 13:24:43 Respuesta POST: 200 OK
2024/12/02 13:25:44 ## (1:0) Se crea el proceso - Estado: NEW
2024/12/02 13:25:44 Cola NEW está vacía, solicitando memoria.
2024/12/02 13:25:44 Respuesta POST: 200 OK
2024/12/02 13:25:44 Respuesta POST: 200 OK
2024/12/02 13:25:44 ## (1:0) Se crea el Hilo - Estado: READY
2024/12/02 13:25:44 Hilo main movido a READY
2024/12/02 13:25:44 El módulo kernel está a la escucha en el puerto :8001
2024/12/02 13:25:44 Respuesta POST: 200 OK
2024/12/02 13:27:01 ## (1:0) Se crea el proceso - Estado: NEW
2024/12/02 13:27:01 Cola NEW está vacía, solicitando memoria.
2024/12/02 13:27:01 Respuesta POST: 200 OK
2024/12/02 13:27:01 Respuesta POST: 200 OK
2024/12/02 13:27:01 ## (1:0) Se crea el Hilo - Estado: READY
2024/12/02 13:27:01 Hilo main movido a READY
2024/12/02 13:27:01 El módulo kernel está a la escucha en el puerto :8001
2024/12/02 13:27:01 Respuesta POST: 200 OK
2024/12/02 13:32:39 ## (1:0) Se crea el proceso - Estado: NEW
2024/12/02 13:32:39 Cola NEW está vacía, solicitando memoria.
2024/12/02 13:32:39 Respuesta POST: 200 OK
2024/12/02 13:32:39 Respuesta POST: 200 OK
2024/12/02 13:32:39 ## (1:0) Se crea el Hilo - Estado: READY
2024/12/02 13:32:39 Hilo main movido a READY
2024/12/02 13:32:39 El módulo kernel está a la escucha en el puerto :8001
2024/12/02 13:32:39 Respuesta POST: 200 OK
2024/12/02 13:33:49 ## (1:0) Se crea el proceso - Estado: NEW
2024/12/02 13:33:49 Cola NEW está vacía, solicitando memoria.
2024/12/02 13:33:49 Respuesta POST: 200 OK
2024/12/02 13:33:49 Respuesta POST: 200 OK
2024/12/02 13:33:49 ## (1:0) Se crea el Hilo - Estado: READY
2024/12/02 13:33:49 Hilo main movido a READY
2024/12/02 13:33:49 El módulo kernel está a la escucha en el puerto :8001
2024/12/02 13:33:49 Respuesta POST: 200 OK
2024/12/02 13:34:42 ## (1:0) Se crea el proceso - Estado: NEW
2024/12/02 13:34:42 Cola NEW está vacía, solicitando memoria.
2024/12/02 13:34:42 Respuesta POST: 200 OK
2024/12/02 13:34:42 Respuesta POST: 200 OK
2024/12/02 13:34:42 ## (1:0) Se crea el Hilo - Estado: READY
2024/12/02 13:34:42 Hilo main movido a READY
2024/12/02 13:34:56 ## (1:0) Se crea el proceso - Estado: NEW
2024/12/02 13:34:56 Cola NEW está vacía, solicitando memoria.
2024/12/02 13:34:56 Respuesta POST: 200 OK
2024/12/02 13:34:56 Respuesta POST: 200 OK
2024/12/02 13:34:56 ## (1:0) Se crea el Hilo - Estado: READY
2024/12/02 13:34:56 Hilo main movido a READY
2024/12/02 13:34:56 El módulo kernel está a la escucha en el puerto :8001
2024/12/02 13:34:56 Respuesta POST: 200 OK
2024/12/02 13:36:19 ## (1:0) Se crea el proceso - Estado: NEW
2024/12/02 13:36:19 Cola NEW está vacía, solicitando memoria.
2024/12/02 13:36:19 Respuesta POST: 200 OK
2024/12/02 13:36:19 Respuesta POST: 200 OK
2024/12/02 13:36:19 ## (1:0) Se crea el Hilo - Estado: READY
2024/12/02 13:36:19 Hilo main movido a READY
2024/12/02 13:36:19 El módulo kernel está a la escucha en el puerto :8001
2024/12/02 13:36:19 Respuesta POST: 200 OK
2024/12/02 13:38:02 ## (1:0) Se crea el proceso - Estado: NEW
2024/12/02 13:38:02 Cola NEW está vacía, solicitando memoria.
2024/12/02 13:38:02 Respuesta POST: 200 OK
2024/12/02 13:38:02 Respuesta POST: 200 OK
2024/12/02 13:38:02 ## (1:0) Se crea el Hilo - Estado: READY
2024/12/02 13:38:02 Hilo main movido a READY
2024/12/02 13:38:02 El módulo kernel está a la escucha en el puerto :8001
2024/12/02 13:38:02 Respuesta POST: 200 OK
2024/12/02 20:37:53 ## (1:0) Se crea el proceso - Estado: NEW
2024/12/02 20:37:53 Cola NEW está vacía, solicitando memoria.
2024/12/02 20:37:53 Respuesta POST: 200 OK
2024/12/02 20:37:53 Respuesta POST: 200 OK
2024/12/02 20:37:53 ## (1:0) Se crea el Hilo - Estado: READY
2024/12/02 20:37:53 Hilo main movido a READY
2024/12/02 20:37:53 El módulo kernel está a la escucha en el puerto :8001
2024/12/02 20:37:53 Respuesta POST: 200 OK
2024/12/02 20:39:38 ## (1:0) Se crea el proceso - Estado: NEW
2024/12/02 20:39:38 Cola NEW está vacía, solicitando memoria.
2024/12/02 20:39:38 Respuesta POST: 200 OK
2024/12/02 20:39:38 Respuesta POST: 200 OK
2024/12/02 20:39:38 ## (1:0) Se crea el Hilo - Estado: READY
2024/12/02 20:39:38 Hilo main movido a READY
2024/12/02 20:39:38 El módulo kernel está a la escucha en el puerto :8001
2024/12/02 20:39:38 Respuesta POST: 200 OK
2024/12/02 20:40:35 ## (1:0) Se crea el proceso - Estado: NEW
2024/12/02 20:40:35 Cola NEW está vacía, solicitando memoria.
2024/12/02 20:40:35 Respuesta POST: 200 OK
2024/12/02 20:40:35 Respuesta POST: 200 OK
2024/12/02 20:40:35 ## (1:0) Se crea el Hilo - Estado: READY
2024/12/02 20:40:35 Hilo main movido a READY
2024/12/02 20:40:35 El módulo kernel está a la escucha en el puerto :8001
2024/12/02 20:40:35 Respuesta POST: 200 OK
2024/12/02 20:41:05 ## (1:0) Se crea el proceso - Estado: NEW
2024/12/02 20:41:05 Cola NEW está vacía, solicitando memoria.
2024/12/02 20:41:05 Respuesta POST: 200 OK
2024/12/02 20:41:05 Respuesta POST: 200 OK
2024/12/02 20:41:05 ## (1:0) Se crea el Hilo - Estado: READY
2024/12/02 20:41:05 Hilo main movido a READY
2024/12/02 20:57:59 ## (1:0) Se crea el proceso - Estado: NEW
2024/12/02 20:57:59 Cola NEW está vacía, solicitando memoria.
2024/12/02 20:57:59 Respuesta POST: 200 OK
2024/12/02 20:57:59 Respuesta POST: 200 OK
2024/12/02 20:57:59 ## (1:0) Se crea el Hilo - Estado: READY
2024/12/02 20:57:59 Hilo main movido a READY
2024/12/02 20:57:59 El módulo kernel está a la escucha en el puerto :8001
2024/12/02 20:57:59 Respuesta POST: 200 OK
2024/12/02 21:04:58 ## (1:0) Se crea el proceso - Estado: NEW
2024/12/02 21:04:58 Cola NEW está vacía, solicitando memoria.
2024/12/02 21:04:58 Respuesta POST: 200 OK
2024/12/02 21:04:58 Respuesta POST: 200 OK
2024/12/02 21:04:58 ## (1:0) Se crea el Hilo - Estado: READY
2024/12/02 21:04:58 Hilo main movido a READY
2024/12/02 21:04:58 El módulo kernel está a la escucha en el puerto :8001
2024/12/02 21:04:58 Respuesta POST: 200 OK
2024/12/02 21:08:06 ## (1:0) Se crea el proceso - Estado: NEW
2024/12/02 21:08:06 Cola NEW está vacía, solicitando memoria.
2024/12/02 21:08:06 Respuesta POST: 200 OK
2024/12/02 21:08:06 Respuesta POST: 200 OK
2024/12/02 21:08:06 ## (1:0) Se crea el Hilo - Estado: READY
2024/12/02 21:08:06 Hilo main movido a READY
2024/12/02 21:08:06 El módulo kernel está a la escucha en el puerto :8001
2024/12/02 21:08:06 Respuesta POST: 200 OK
2024/12/02 21:16:58 ## (1:0) Se crea el proceso - Estado: NEW
2024/12/02 21:16:58 Cola NEW está vacía, solicitando memoria.
2024/12/02 21:16:58 Respuesta POST: 200 OK
2024/12/02 21:16:58 Respuesta POST: 200 OK
2024/12/02 21:16:58 ## (1:0) Se crea el Hilo - Estado: READY
2024/12/02 21:16:58 Hilo main movido a READY
2024/12/02 21:16:58 El módulo kernel está a la escucha en el puerto :8001
2024/12/02 21:16:58 Respuesta POST: 200 OK
2024/12/02 21:26:58 ## (1:0) Se crea el proceso - Estado: NEW
2024/12/02 21:26:58 Cola NEW está vacía, solicitando memoria.
2024/12/02 21:26:58 Respuesta POST: 200 OK
2024/12/02 21:26:58 Respuesta POST: 200 OK
2024/12/02 21:26:58 ## (1:0) Se crea el Hilo - Estado: READY
2024/12/02 21:26:58 Hilo main movido a READY
2024/12/02 21:27:40 ## (1:0) Se crea el proceso - Estado: NEW
2024/12/02 21:27:40 Cola NEW está vacía, solicitando memoria.
2024/12/02 21:27:40 Respuesta POST: 200 OK
2024/12/02 21:27:40 Respuesta POST: 200 OK
2024/12/02 21:27:40 ## (1:0) Se crea el Hilo - Estado: READY
2024/12/02 21:27:40 Hilo main movido a READY
2024/12/02 21:27:40 El módulo kernel está a la escucha en el puerto :8001
2024/12/02 21:27:40 Respuesta POST: 200 OK
2024/12/02 21:29:23 ## (1:0) Se crea el proceso - Estado: NEW
2024/12/02 21:29:23 Cola NEW está vacía, solicitando memoria.
2024/12/02 21:29:23 Respuesta POST: 200 OK
2024/12/02 21:29:23 Respuesta POST: 200 OK
2024/12/02 21:29:23 ## (1:0) Se crea el Hilo - Estado: READY
2024/12/02 21:29:23 Hilo main movido a READY
2024/12/02 21:29:24 El módulo kernel está a la escucha en el puerto :8001
2024/12/02 21:29:24 Respuesta POST: 200 OK
2024/12/02 21:30:18 ## (1:0) Se crea el proceso - Estado: NEW
2024/12/02 21:30:18 Cola NEW está vacía, solicitando memoria.
2024/12/02 21:30:18 Respuesta POST: 200 OK
2024/12/02 21:30:18 Respuesta POST: 200 OK
2024/12/02 21:30:18 ## (1:0) Se crea el Hilo - Estado: READY
2024/12/02 21:30:18 Hilo main movido a READY
2024/12/02 21:30:18 El módulo kernel está a la escucha en el puerto :8001
2024/12/02 21:30:18 Respuesta POST: 200 OK
2024/12/02 21:32:03 ## (1:0) Se crea el proceso - Estado: NEW
2024/12/02 21:32:03 Cola NEW está vacía, solicitando memoria.
2024/12/02 21:32:03 Respuesta POST: 200 OK
2024/12/02 21:32:03 Respuesta POST: 200 OK
2024/12/02 21:32:03 ## (1:0) Se crea el Hilo - Estado: READY
2024/12/02 21:32:03 Hilo main movido a READY
2024/12/02 21:32:03 El módulo kernel está a la escucha en el puerto :8001
2024/12/02 21:32:03 Respuesta POST: 200 OK
2024/12/02 21:33:08 ## (1:0) Se crea el proceso - Estado: NEW
2024/12/02 21:33:08 Cola NEW está vacía, solicitando memoria.
2024/12/02 21:33:08 Respuesta POST: 200 OK
2024/12/02 21:33:08 Respuesta POST: 200 OK
2024/12/02 21:33:08 ## (1:0) Se crea el Hilo - Estado: READY
2024/12/02 21:33:08 Hilo main movido a READY
2024/12/02 21:33:08 El módulo kernel está a la escucha en el puerto :8001
2024/12/02 21:33:08 Respuesta POST: 200 OK
2024/12/02 21:35:14 ## (1:0) Se crea el proceso - Estado: NEW
2024/12/02 21:35:14 Cola NEW está vacía, solicitando memoria.
2024/12/02 21:35:14 Respuesta POST: 200 OK
2024/12/02 21:35:14 Respuesta POST: 200 OK
2024/12/02 21:35:14 ## (1:0) Se crea el Hilo - Estado: READY
2024/12/02 21:35:14 Hilo main movido a READY
2024/12/02 21:35:14 El módulo kernel está a la escucha en el puerto :8001
2024/12/02 21:35:14 Respuesta POST: 200 OK
2024/12/02 21:36:52 ## (1:0) Se crea el proceso - Estado: NEW
2024/12/02 21:36:52 Cola NEW está vacía, solicitando memoria.
2024/12/02 21:36:52 Respuesta POST: 200 OK
2024/12/02 21:36:52 Respuesta POST: 200 OK
2024/12/02 21:36:52 ## (1:0) Se crea el Hilo - Estado: READY
2024/12/02 21:36:52 Hilo main movido a READY
2024/12/02 21:36:52 El módulo kernel está a la escucha en el puerto :8001
2024/12/02 21:36:52 Respuesta POST: 200 OK
2024/12/02 21:38:39 ## (1:0) Se crea el proceso - Estado: NEW
2024/12/02 21:38:39 Cola NEW está vacía, solicitando memoria.
2024/12/02 21:38:39 Respuesta POST: 200 OK
2024/12/02 21:38:39 Respuesta POST: 200 OK
2024/12/02 21:38:39 ## (1:0) Se crea el Hilo - Estado: READY
2024/12/02 21:38:39 Hilo main movido a READY
2024/12/02 21:38:39 El módulo kernel está a la escucha en el puerto :8001
2024/12/02 21:38:39 Respuesta POST: 200 OK
2024/12/02 21:46:21 ## (1:0) Se crea el proceso - Estado: NEW
2024/12/02 21:46:21 Cola NEW está vacía, solicitando memoria.
2024/12/02 21:46:21 Respuesta POST: 200 OK
2024/12/02 21:46:21 Respuesta POST: 200 OK
2024/12/02 21:46:21 ## (1:0) Se crea el Hilo - Estado: READY
2024/12/02 21:46:21 Hilo main movido a READY
2024/12/02 21:46:21 El módulo kernel está a la escucha en el puerto :8001
2024/12/02 21:46:21 Respuesta POST: 200 OK
2024/12/02 21:52:18 ## (1:0) Se crea el proceso - Estado: NEW
2024/12/02 21:52:18 Cola NEW está vacía, solicitando memoria.
2024/12/02 21:52:18 Respuesta POST: 200 OK
2024/12/02 21:52:18 Respuesta POST: 200 OK
2024/12/02 21:52:18 ## (1:0) Se crea el Hilo - Estado: READY
2024/12/02 21:52:18 Hilo main movido a READY
2024/12/02 21:52:18 El módulo kernel está a la escucha en el puerto :8001
2024/12/02 21:52:18 Respuesta POST: 200 OK
2024/12/03 09:27:41 ## (1:0) Se crea el proceso - Estado: NEW
2024/12/03 09:27:41 Cola NEW está vacía, solicitando memoria.
2024/12/03 09:31:37 ## (1:0) Se crea el proceso - Estado: NEW
2024/12/03 09:31:37 Cola NEW está vacía, solicitando memoria.
2024/12/03 09:31:37 Respuesta POST: 200 OK
2024/12/03 09:31:37 Respuesta POST: 200 OK
2024/12/03 09:31:37 ## (1:0) Se crea el Hilo - Estado: READY
2024/12/03 09:31:37 Hilo main movido a READY
2024/12/03 09:31:37 El módulo kernel está a la escucha en el puerto :8001
2024/12/03 09:31:37 Respuesta POST: 200 OK
2024/12/03 17:00:40 ## (1:0) Se crea el proceso - Estado: NEW
2024/12/03 17:00:40 Cola NEW está vacía, solicitando memoria.
2024/12/03 17:00:40 Respuesta POST: 200 OK
2024/12/03 17:00:40 Respuesta POST: 200 OK
2024/12/03 17:00:40 ## (1:0) Se crea el Hilo - Estado: READY
2024/12/03 17:00:40 El módulo kernel está a la escucha en el puerto :8001
2024/12/04 09:32:18 ## (1:0) Se crea el proceso - Estado: NEW
2024/12/04 09:32:18 Cola NEW está vacía, solicitando memoria.
2024/12/04 09:32:18 Respuesta POST: 200 OK
2024/12/04 09:32:18 Respuesta POST: 200 OK
2024/12/04 09:32:18 ## (1:0) Se crea el Hilo - Estado: READY
2024/12/04 09:46:05 ## (1:0) Se crea el proceso - Estado: NEW
2024/12/04 09:46:05 Cola NEW está vacía, solicitando memoria.
2024/12/04 09:46:05 Respuesta POST: 200 OK
2024/12/04 09:46:05 Respuesta POST: 200 OK
2024/12/04 09:46:05 ## (1:0) Se crea el Hilo - Estado: READY
2024/12/04 10:11:46 ## (1:0) Se crea el proceso - Estado: NEW
2024/12/04 10:11:46 Cola NEW está vacía, solicitando memoria.
2024/12/04 10:11:46 Respuesta POST: 200 OK
2024/12/04 10:11:46 Respuesta POST: 200 OK
2024/12/04 10:11:46 ## (1:0) Se crea el Hilo - Estado: READY
2024/12/04 10:15:21 ## (1:0) Se crea el proceso - Estado: NEW
2024/12/04 10:15:21 Cola NEW está vacía, solicitando memoria.
2024/12/04 10:15:21 Respuesta POST: 200 OK
2024/12/04 10:15:21 Respuesta POST: 200 OK
2024/12/04 10:15:21 ## (1:0) Se crea el Hilo - Estado: READY
2024/12/04 10:16:40 ## (1:0) Se crea el proceso - Estado: NEW
2024/12/04 10:16:40 Cola NEW está vacía, solicitando memoria.
2024/12/04 10:16:40 Respuesta POST: 200 OK
2024/12/04 10:16:40 Respuesta POST: 200 OK
2024/12/04 10:16:40 ## (1:0) Se crea el Hilo - Estado: READY
2024/12/04 10:17:44 ## (1:0) Se crea el proceso - Estado: NEW
2024/12/04 10:17:44 Cola NEW está vacía, solicitando memoria.
2024/12/04 10:17:44 Respuesta POST: 500 Internal Server Error
2024/12/04 10:17:44 Memoria no tiene suficiente espacio. Proceso en espera.
2024/12/04 10:17:44 hola
2024/12/04 10:17:44 El módulo kernel está a la escucha en el puerto :8001
2024/12/04 10:17:58 ## (1:0) Se crea el proceso - Estado: NEW
2024/12/04 10:17:58 Cola NEW está vacía, solicitando memoria.
2024/12/04 10:17:58 Respuesta POST: 200 OK
2024/12/04 10:17:58 Respuesta POST: 200 OK
2024/12/04 10:17:58 ## (1:0) Se crea el Hilo - Estado: READY
2024/12/04 10:18:22 ## (1:0) Se crea el proceso - Estado: NEW
2024/12/04 10:18:22 Cola NEW está vacía, solicitando memoria.
2024/12/04 10:18:22 Respuesta POST: 200 OK
2024/12/04 10:18:22 Respuesta POST: 200 OK
2024/12/04 10:18:22 ## (1:0) Se crea el Hilo - Estado: READY
2024/12/04 10:19:12 ## (1:0) Se crea el proceso - Estado: NEW
2024/12/04 10:19:12 Cola NEW está vacía, solicitando memoria.
2024/12/04 10:19:12 Respuesta POST: 200 OK
2024/12/04 10:19:12 Respuesta POST: 200 OK
2024/12/04 10:19:12 ## (1:0) Se crea el Hilo - Estado: READY
2024/12/04 10:20:18 ## (1:0) Se crea el proceso - Estado: NEW
2024/12/04 10:20:18 Cola NEW está vacía, solicitando memoria.
2024/12/04 10:20:19 Respuesta POST: 200 OK
2024/12/04 10:20:19 Respuesta POST: 200 OK
2024/12/04 10:20:19 ## (1:0) Se crea el Hilo - Estado: READY
2024/12/04 10:20:45 ## (1:0) Se crea el proceso - Estado: NEW
2024/12/04 10:20:45 Cola NEW está vacía, solicitando memoria.
2024/12/04 10:20:45 Respuesta POST: 200 OK
2024/12/04 10:20:45 Respuesta POST: 200 OK
2024/12/04 10:20:45 ## (1:0) Se crea el Hilo - Estado: READY
2024/12/04 10:20:45 El módulo kernel está a la escucha en el puerto :8001
2024/12/04 10:22:22 ## (1:0) Se crea el proceso - Estado: NEW
2024/12/04 10:22:22 Cola NEW está vacía, solicitando memoria.
2024/12/04 10:22:22 Respuesta POST: 200 OK
2024/12/04 10:22:22 Respuesta POST: 200 OK
2024/12/04 10:22:22 ## (1:0) Se crea el Hilo - Estado: READY
2024/12/04 10:22:22 El módulo kernel está a la escucha en el puerto :8001
2024/12/04 10:34:34 ## (1:0) Se crea el proceso - Estado: NEW
2024/12/04 10:34:34 Cola NEW está vacía, solicitando memoria.
2024/12/04 10:34:34 Respuesta POST: 200 OK
2024/12/04 10:34:34 Respuesta POST: 200 OK
2024/12/04 10:34:34 ## (1:0) Se crea el Hilo - Estado: READY
2024/12/04 10:34:34 El módulo kernel está a la escucha en el puerto :8001
2024/12/04 10:39:27 ## (1:0) Se crea el proceso - Estado: NEW
2024/12/04 10:39:27 Cola NEW está vacía, solicitando memoria.
2024/12/04 10:39:27 Respuesta POST: 200 OK
2024/12/04 10:39:27 Respuesta POST: 200 OK
2024/12/04 10:39:27 ## (1:0) Se crea el Hilo - Estado: READY
2024/12/04 10:39:27 El módulo kernel está a la escucha en el puerto :8001
2024/12/04 10:39:30 Respuesta POST: 200 OK
2024/12/04 10:43:27 ## (1:0) Se crea el proceso - Estado: NEW
2024/12/04 10:43:27 Cola NEW está vacía, solicitando memoria.
2024/12/04 10:43:27 Respuesta POST: 200 OK
2024/12/04 10:43:27 Respuesta POST: 200 OK
2024/12/04 10:43:27 ## (1:0) Se crea el Hilo - Estado: READY
2024/12/04 10:43:27 El módulo kernel está a la escucha en el puerto :8001
2024/12/04 10:43:30 Respuesta POST: 200 OK
2024/12/04 10:49:26 ## (1:0) Se crea el proceso - Estado: NEW
2024/12/04 10:49:26 Cola NEW está vacía, solicitando memoria.
2024/12/04 10:49:26 Respuesta POST: 200 OK
2024/12/04 10:49:26 Respuesta POST: 200 OK
2024/12/04 10:49:26 ## (1:0) Se crea el Hilo - Estado: READY
2024/12/04 10:49:39 ## (1:0) Se crea el proceso - Estado: NEW
2024/12/04 10:49:39 Cola NEW está vacía, solicitando memoria.
2024/12/04 10:49:39 Respuesta POST: 200 OK
2024/12/04 10:49:39 Respuesta POST: 200 OK
2024/12/04 10:49:39 ## (1:0) Se crea el Hilo - Estado: READY
2024/12/04 10:49:39 El módulo kernel está a la escucha en el puerto :8001
2024/12/04 10:49:42 Respuesta POST: 200 OK
2024/12/04 10:50:05 ## (1:0) Se crea el proceso - Estado: NEW
2024/12/04 10:50:05 Cola NEW está vacía, solicitando memoria.
2024/12/04 10:50:17 ## (1:0) Se crea el proceso - Estado: NEW
2024/12/04 10:50:17 Cola NEW está vacía, solicitando memoria.
2024/12/04 10:50:17 Respuesta POST: 200 OK
2024/12/04 10:50:17 Respuesta POST: 200 OK
2024/12/04 10:50:17 ## (1:0) Se crea el Hilo - Estado: READY
2024/12/04 10:50:27 ## (1:0) Se crea el proceso - Estado: NEW
2024/12/04 10:50:27 Cola NEW está vacía, solicitando memoria.
2024/12/04 10:50:27 Respuesta POST: 200 OK
2024/12/04 10:50:27 Respuesta POST: 200 OK
2024/12/04 10:50:27 ## (1:0) Se crea el Hilo - Estado: READY
2024/12/04 10:50:27 El módulo kernel está a la escucha en el puerto :8001
2024/12/04 10:50:30 Respuesta POST: 200 OK
2024/12/04 10:58:09 ## (1:0) Se crea el proceso - Estado: NEW
2024/12/04 10:58:09 Cola NEW está vacía, solicitando memoria.
2024/12/04 10:58:09 URL: http://127.0.0.1:8002/crear_proceso
2024/12/04 10:58:09 Respuesta POST: 200 OK
2024/12/04 10:58:09 URL: http://127.0.0.1:8002/crear_hilo
2024/12/04 10:58:09 Respuesta POST: 200 OK
2024/12/04 10:58:09 ## (1:0) Se crea el Hilo - Estado: READY
2024/12/04 10:58:09 URL: http://127.0.0.1:8004/dispatch
2024/12/04 10:58:09 El módulo kernel está a la escucha en el puerto :8001
2024/12/04 10:58:12 Respuesta POST: 200 OK
2024/12/04 11:01:46 ## (1:0) Se crea el proceso - Estado: NEW
2024/12/04 11:01:46 Cola NEW está vacía, solicitando memoria.
2024/12/04 11:01:46 URL: http://127.0.0.1:8002/crear_proceso
2024/12/04 11:01:46 Respuesta POST: 200 OK
2024/12/04 11:01:46 URL: http://127.0.0.1:8002/crear_hilo
2024/12/04 11:01:46 Respuesta POST: 200 OK
2024/12/04 11:01:46 ## (1:0) Se crea el Hilo - Estado: READY
2024/12/04 11:01:46 URL: http://127.0.0.1:8004/dispatch
2024/12/04 11:01:46 El módulo kernel está a la escucha en el puerto :8001
2024/12/04 11:01:49 Respuesta POST: 200 OK
2024/12/04 11:04:45 ## (1:0) Se crea el proceso - Estado: NEW
2024/12/04 11:04:45 Cola NEW está vacía, solicitando memoria.
2024/12/04 11:04:45 URL: http://127.0.0.1:8002/crear_proceso
2024/12/04 11:04:45 Respuesta POST: 200 OK
2024/12/04 11:04:45 URL: http://127.0.0.1:8002/crear_hilo
2024/12/04 11:04:45 Respuesta POST: 200 OK
2024/12/04 11:04:45 ## (1:0) Se crea el Hilo - Estado: READY
2024/12/04 11:04:45 El módulo kernel está a la escucha en el puerto :8001
2024/12/04 11:05:37 ## (1:0) Se crea el proceso - Estado: NEW
2024/12/04 11:05:37 Cola NEW está vacía, solicitando memoria.
2024/12/04 11:05:37 URL: http://127.0.0.1:8002/crear_proceso
2024/12/04 11:05:37 Respuesta POST: 200 OK
2024/12/04 11:05:37 URL: http://127.0.0.1:8002/crear_hilo
2024/12/04 11:05:37 Respuesta POST: 200 OK
2024/12/04 11:05:37 ## (1:0) Se crea el Hilo - Estado: READY
2024/12/04 11:05:37 El módulo kernel está a la escucha en el puerto :8001
2024/12/04 11:07:24 ## (1:0) Se crea el proceso - Estado: NEW
2024/12/04 11:07:24 Cola NEW está vacía, solicitando memoria.
2024/12/04 11:07:24 URL: http://127.0.0.1:8002/crear_proceso
2024/12/04 11:07:24 Respuesta POST: 200 OK
2024/12/04 11:07:24 URL: http://127.0.0.1:8002/crear_hilo
2024/12/04 11:07:24 Respuesta POST: 200 OK
2024/12/04 11:07:24 ## (1:0) Se crea el Hilo - Estado: READY
2024/12/04 11:07:24 El módulo kernel está a la escucha en el puerto :8001
2024/12/04 11:07:24 URL: http://127.0.0.1:8004/dispatch
2024/12/04 11:07:28 Respuesta POST: 200 OK
2024/12/04 11:11:16 ## (1:0) Se crea el proceso - Estado: NEW
2024/12/04 11:11:16 Cola NEW está vacía, solicitando memoria.
2024/12/04 11:11:16 URL: http://127.0.0.1:8002/crear_proceso
2024/12/04 11:11:16 Respuesta POST: 200 OK
2024/12/04 11:11:16 URL: http://127.0.0.1:8002/crear_hilo
2024/12/04 11:11:16 Respuesta POST: 200 OK
2024/12/04 11:11:16 ## (1:0) Se crea el Hilo - Estado: READY
2024/12/04 11:11:16 HOLLLLAAAAAAAAAAAA
2024/12/04 11:11:16 El módulo kernel está a la escucha en el puerto :8001
2024/12/04 11:11:16 URL: http://127.0.0.1:8004/dispatch
2024/12/04 11:11:19 Respuesta POST: 200 OK
2024/12/04 11:13:44 ## (1:0) Se crea el proceso - Estado: NEW
2024/12/04 11:13:44 Cola NEW está vacía, solicitando memoria.
2024/12/04 11:13:44 URL: http://127.0.0.1:8002/crear_proceso
2024/12/04 11:13:44 Respuesta POST: 200 OK
2024/12/04 11:13:44 URL: http://127.0.0.1:8002/crear_hilo
2024/12/04 11:13:44 Respuesta POST: 200 OK
2024/12/04 11:13:44 ## (1:0) Se crea el Hilo - Estado: READY
2024/12/04 11:13:44 El módulo kernel está a la escucha en el puerto :8001
2024/12/04 11:13:44 URL: http://127.0.0.1:8004/dispatch
2024/12/04 11:13:47 Respuesta POST: 200 OK
2024/12/04 11:24:03 ## (1:0) Se crea el proceso - Estado: NEW
2024/12/04 11:24:03 Cola NEW está vacía, solicitando memoria.
2024/12/04 11:24:03 URL: http://127.0.0.1:8002/crear_proceso
2024/12/04 11:24:03 Respuesta POST: 200 OK
2024/12/04 11:24:03 URL: http://127.0.0.1:8002/crear_hilo
2024/12/04 11:24:03 Respuesta POST: 200 OK
2024/12/04 11:24:03 ## (1:0) Se crea el Hilo - Estado: READY
2024/12/04 11:24:03 El módulo kernel está a la escucha en el puerto :8001
2024/12/04 11:24:03 URL: http://127.0.0.1:8004/dispatch
2024/12/04 11:24:06 Respuesta POST: 200 OK
2024/12/04 11:25:32 ## (1:0) Se crea el proceso - Estado: NEW
2024/12/04 11:25:32 Cola NEW está vacía, solicitando memoria.
2024/12/04 11:25:32 URL: http://127.0.0.1:8002/crear_proceso
2024/12/04 11:25:32 Respuesta POST: 200 OK
2024/12/04 11:25:32 URL: http://127.0.0.1:8002/crear_hilo
2024/12/04 11:25:32 Respuesta POST: 200 OK
2024/12/04 11:25:32 ## (1:0) Se crea el Hilo - Estado: READY
2024/12/04 11:25:32 El módulo kernel está a la escucha en el puerto :8001
2024/12/04 11:25:32 URL: http://127.0.0.1:8004/dispatch
2024/12/04 11:28:29 ## (1:0) Se crea el proceso - Estado: NEW
2024/12/04 11:28:29 Cola NEW está vacía, solicitando memoria.
2024/12/04 11:28:29 URL: http://127.0.0.1:8002/crear_proceso
2024/12/04 11:28:29 Respuesta POST: 200 OK
2024/12/04 11:28:29 URL: http://127.0.0.1:8002/crear_hilo
2024/12/04 11:28:29 Respuesta POST: 200 OK
2024/12/04 11:28:29 ## (1:0) Se crea el Hilo - Estado: READY
2024/12/04 11:28:29 El módulo kernel está a la escucha en el puerto :8001
2024/12/04 11:28:29 hola
2024/12/04 11:28:29 URL: http://127.0.0.1:8004/dispatch
2024/12/04 11:31:40 ## (1:0) Se crea el proceso - Estado: NEW
2024/12/04 11:31:40 Cola NEW está vacía, solicitando memoria.
2024/12/04 11:31:40 URL: http://127.0.0.1:8002/crear_proceso
2024/12/04 11:31:40 Respuesta POST: 200 OK
2024/12/04 11:31:40 URL: http://127.0.0.1:8002/crear_hilo
2024/12/04 11:31:40 Respuesta POST: 200 OK
2024/12/04 11:31:40 ## (1:0) Se crea el Hilo - Estado: READY
2024/12/04 11:31:40 ## Proceso inicial con código de estado 200
2024/12/04 11:31:40 El módulo kernel está a la escucha en el puerto :8001
2024/12/04 11:31:40 URL: http://127.0.0.1:8004/dispatch
2024/12/04 11:34:02 ## (1:0) Se crea el proceso - Estado: NEW
2024/12/04 11:34:02 Cola NEW está vacía, solicitando memoria.
2024/12/04 11:34:02 URL: http://127.0.0.1:8002/crear_proceso
2024/12/04 11:34:02 Respuesta POST: 200 OK
2024/12/04 11:34:02 URL: http://127.0.0.1:8002/crear_hilo
2024/12/04 11:34:02 Respuesta POST: 200 OK
2024/12/04 11:34:02 ## (1:0) Se crea el Hilo - Estado: READY
2024/12/04 11:34:02 El módulo kernel está a la escucha en el puerto :8001
2024/12/04 11:34:02 URL: http://127.0.0.1:8004/dispatch
2024/12/04 11:34:05 Respuesta POST: 200 OK
2024/12/04 11:36:58 ## (1:0) Se crea el proceso - Estado: NEW
2024/12/04 11:36:58 Cola NEW está vacía, solicitando memoria.
2024/12/04 11:36:58 URL: http://127.0.0.1:8002/crear_proceso
2024/12/04 11:36:58 Respuesta POST: 200 OK
2024/12/04 11:36:58 URL: http://127.0.0.1:8002/crear_hilo
2024/12/04 11:36:58 Respuesta POST: 200 OK
2024/12/04 11:36:58 ## (1:0) Se crea el Hilo - Estado: READY
2024/12/04 11:36:58 El módulo kernel está a la escucha en el puerto :8001
2024/12/04 11:36:58 URL: http://127.0.0.1:8004/dispatch
2024/12/04 11:37:01 Respuesta POST: 200 OK
2024/12/04 11:40:19 ## (1:0) Se crea el proceso - Estado: NEW
2024/12/04 11:40:19 Cola NEW está vacía, solicitando memoria.
2024/12/04 11:40:19 URL: http://127.0.0.1:8002/crear_proceso
2024/12/04 11:40:19 Respuesta POST: 200 OK
2024/12/04 11:40:19 URL: http://127.0.0.1:8002/crear_hilo
2024/12/04 11:40:19 Respuesta POST: 200 OK
2024/12/04 11:40:19 ## (1:0) Se crea el Hilo - Estado: READY
2024/12/04 11:40:19 El módulo kernel está a la escucha en el puerto :8001
2024/12/04 11:40:19 URL: http://127.0.0.1:8004/dispatch
2024/12/04 11:40:21 ## (1:0) - Solicitó syscall: THREAD_CREATE
2024/12/04 11:40:21 URL: http://127.0.0.1:8002/crear_hilo
2024/12/04 11:40:21 Respuesta POST: 200 OK
2024/12/04 11:40:21 ## (1:1) Se crea el Hilo - Estado: READY
2024/12/04 11:42:02 ## (1:0) Se crea el proceso - Estado: NEW
2024/12/04 11:42:02 Cola NEW está vacía, solicitando memoria.
2024/12/04 11:42:02 URL: http://127.0.0.1:8002/crear_proceso
2024/12/04 11:42:03 Respuesta POST: 200 OK
2024/12/04 11:42:03 URL: http://127.0.0.1:8002/crear_hilo
2024/12/04 11:42:03 Respuesta POST: 200 OK
2024/12/04 11:42:03 ## (1:0) Se crea el Hilo - Estado: READY
2024/12/04 11:42:03 El módulo kernel está a la escucha en el puerto :8001
2024/12/04 11:42:03 URL: http://127.0.0.1:8004/dispatch
2024/12/04 11:42:06 ## (1:0) - Solicitó syscall: THREAD_CREATE
2024/12/04 11:42:06 URL: http://127.0.0.1:8002/crear_hilo
2024/12/04 11:42:06 Respuesta POST: 200 OK
2024/12/04 11:42:06 ## (1:1) Se crea el Hilo - Estado: READY
2024/12/04 11:44:09 ## (1:0) Se crea el proceso - Estado: NEW
2024/12/04 11:44:09 Cola NEW está vacía, solicitando memoria.
2024/12/04 11:44:09 URL: http://127.0.0.1:8002/crear_proceso
2024/12/04 11:44:09 Respuesta POST: 200 OK
2024/12/04 11:44:09 URL: http://127.0.0.1:8002/crear_hilo
2024/12/04 11:44:09 Respuesta POST: 200 OK
2024/12/04 11:44:09 ## (1:0) Se crea el Hilo - Estado: READY
2024/12/04 11:44:09 El módulo kernel está a la escucha en el puerto :8001
2024/12/04 11:44:09 URL: http://127.0.0.1:8004/dispatch
2024/12/04 11:44:12 ## (1:0) - Solicitó syscall: THREAD_CREATE
2024/12/04 11:44:12 URL: http://127.0.0.1:8002/crear_hilo
2024/12/04 11:44:12 Respuesta POST: 200 OK
2024/12/04 11:44:12 ## (1:1) Se crea el Hilo - Estado: READY
2024/12/04 11:47:36 ## (1:0) Se crea el proceso - Estado: NEW
2024/12/04 11:47:36 Cola NEW está vacía, solicitando memoria.
2024/12/04 11:47:36 URL: http://127.0.0.1:8002/crear_proceso
2024/12/04 11:47:36 Respuesta POST: 200 OK
2024/12/04 11:47:36 URL: http://127.0.0.1:8002/crear_hilo
2024/12/04 11:47:36 Respuesta POST: 200 OK
2024/12/04 11:47:36 ## (1:0) Se crea el Hilo - Estado: READY
2024/12/04 11:47:36 El módulo kernel está a la escucha en el puerto :8001
2024/12/04 11:47:36 URL: http://127.0.0.1:8004/dispatch
2024/12/04 11:49:01 ## (1:0) Se crea el proceso - Estado: NEW
2024/12/04 11:49:01 Cola NEW está vacía, solicitando memoria.
2024/12/04 11:49:01 URL: http://127.0.0.1:8002/crear_proceso
2024/12/04 11:49:01 Respuesta POST: 200 OK
2024/12/04 11:49:01 URL: http://127.0.0.1:8002/crear_hilo
2024/12/04 11:49:01 Respuesta POST: 200 OK
2024/12/04 11:49:01 ## (1:0) Se crea el Hilo - Estado: READY
2024/12/04 11:49:01 El módulo kernel está a la escucha en el puerto :8001
2024/12/04 11:49:01 URL: http://127.0.0.1:8004/dispatch
2024/12/04 11:50:56 ## (1:0) Se crea el proceso - Estado: NEW
2024/12/04 11:50:56 Cola NEW está vacía, solicitando memoria.
2024/12/04 11:50:56 URL: http://127.0.0.1:8002/crear_proceso
2024/12/04 11:50:56 Respuesta POST: 200 OK
2024/12/04 11:50:56 URL: http://127.0.0.1:8002/crear_hilo
2024/12/04 11:50:56 Respuesta POST: 200 OK
2024/12/04 11:50:56 ## (1:0) Se crea el Hilo - Estado: READY
2024/12/04 11:50:56 El módulo kernel está a la escucha en el puerto :8001
2024/12/04 11:50:56 URL: http://127.0.0.1:8004/dispatch
2024/12/04 11:56:08 ## (1:0) Se crea el proceso - Estado: NEW
2024/12/04 11:56:08 Cola NEW está vacía, solicitando memoria.
2024/12/04 11:56:08 URL: http://127.0.0.1:8002/crear_proceso
2024/12/04 11:56:08 Respuesta POST: 200 OK
2024/12/04 11:56:08 URL: http://127.0.0.1:8002/crear_hilo
2024/12/04 11:56:08 Respuesta POST: 200 OK
2024/12/04 11:56:08 ## (1:0) Se crea el Hilo - Estado: READY
2024/12/04 11:56:08 El módulo kernel está a la escucha en el puerto :8001
2024/12/04 11:56:08 URL: http://127.0.0.1:8004/dispatch
2024/12/04 11:56:12 ## (1:0) - Solicitó syscall: THREAD_CREATE
2024/12/04 11:56:12 URL: http://127.0.0.1:8002/crear_hilo
2024/12/04 11:56:12 Respuesta POST: 500 Internal Server Error
2024/12/04 11:56:12 ## (1:1) Se crea el Hilo - Estado: READY
2024/12/04 11:57:06 ## (1:0) Se crea el proceso - Estado: NEW
2024/12/04 11:57:06 Cola NEW está vacía, solicitando memoria.
2024/12/04 11:57:06 URL: http://127.0.0.1:8002/crear_proceso
2024/12/04 11:57:06 Respuesta POST: 200 OK
2024/12/04 11:57:06 URL: http://127.0.0.1:8002/crear_hilo
2024/12/04 11:57:06 Respuesta POST: 200 OK
2024/12/04 11:57:06 ## (1:0) Se crea el Hilo - Estado: READY
2024/12/04 11:57:06 El módulo kernel está a la escucha en el puerto :8001
2024/12/04 11:57:06 URL: http://127.0.0.1:8004/dispatch
2024/12/04 11:57:10 ## (1:0) - Solicitó syscall: THREAD_CREATE
2024/12/04 11:57:10 URL: http://127.0.0.1:8002/crear_hilo
2024/12/04 11:57:10 Respuesta POST: 500 Internal Server Error
2024/12/04 11:57:10 ## (1:1) Se crea el Hilo - Estado: READY
2024/12/04 11:57:51 ## (1:0) Se crea el proceso - Estado: NEW
2024/12/04 11:57:51 Cola NEW está vacía, solicitando memoria.
2024/12/04 11:57:51 URL: http://127.0.0.1:8002/crear_proceso
2024/12/04 11:57:51 Respuesta POST: 200 OK
2024/12/04 11:57:51 URL: http://127.0.0.1:8002/crear_hilo
2024/12/04 11:57:51 Respuesta POST: 200 OK
2024/12/04 11:57:51 ## (1:0) Se crea el Hilo - Estado: READY
2024/12/04 11:57:51 El módulo kernel está a la escucha en el puerto :8001
2024/12/04 11:57:51 URL: http://127.0.0.1:8004/dispatch
2024/12/04 11:57:55 ## (1:0) - Solicitó syscall: THREAD_CREATE
2024/12/04 11:57:55 URL: http://127.0.0.1:8002/crear_hilo
2024/12/04 11:57:55 Respuesta POST: 200 OK
2024/12/04 11:57:55 ## (1:1) Se crea el Hilo - Estado: READY
